
Options: -I 400 

=== Classifier model (full training set) ===

RandomForest

Bagging with 400 iterations and base learner

weka.classifiers.trees.RandomTree -K 0 -M 1.0 -V 0.001 -S 1 -do-not-check-capabilities

Time taken to build model: 4.37 seconds

Time taken to test model on training data: 0.39 seconds

=== Error on training data ===

Correctly Classified Instances        1954              100      %
Incorrectly Classified Instances         0                0      %
Kappa statistic                          1     
Mean absolute error                      0.0456
Root mean squared error                  0.0724
Relative absolute error                  9.1295 %
Root relative squared error             14.4836 %
Total Number of Instances             1954     


=== Detailed Accuracy By Class ===

                 TP Rate  FP Rate  Precision  Recall   F-Measure  MCC      ROC Area  PRC Area  Class
                 1.000    0.000    1.000      1.000    1.000      1.000    1.000     1.000     PD
                 1.000    0.000    1.000      1.000    1.000      1.000    1.000     1.000     SNP
Weighted Avg.    1.000    0.000    1.000      1.000    1.000      1.000    1.000     1.000     


=== Confusion Matrix ===

   a   b   <-- classified as
 977   0 |   a = PD
   0 977 |   b = SNP

Time taken to perform cross-validation: 28.02 seconds


=== Stratified cross-validation ===

Correctly Classified Instances        1858               95.087  %
Incorrectly Classified Instances        96                4.913  %
Kappa statistic                          0.9017
Mean absolute error                      0.1345
Root mean squared error                  0.2098
Relative absolute error                 26.9014 %
Root relative squared error             41.9635 %
Total Number of Instances             1954     


=== Detailed Accuracy By Class ===

                 TP Rate  FP Rate  Precision  Recall   F-Measure  MCC      ROC Area  PRC Area  Class
                 0.913    0.011    0.988      0.913    0.949      0.904    0.992     0.993     PD
                 0.989    0.087    0.919      0.989    0.953      0.904    0.992     0.992     SNP
Weighted Avg.    0.951    0.049    0.953      0.951    0.951      0.904    0.992     0.992     


=== Confusion Matrix ===

   a   b   <-- classified as
 892  85 |   a = PD
  11 966 |   b = SNP

