
Options: -I 50 

=== Classifier model (full training set) ===

RandomForest

Bagging with 50 iterations and base learner

weka.classifiers.trees.RandomTree -K 0 -M 1.0 -V 0.001 -S 1 -do-not-check-capabilities

Time taken to build model: 1.15 seconds

Time taken to test model on training data: 0.12 seconds

=== Error on training data ===

Correctly Classified Instances        1949               99.7441 %
Incorrectly Classified Instances         5                0.2559 %
Kappa statistic                          0.9949
Mean absolute error                      0.0445
Root mean squared error                  0.0791
Relative absolute error                  8.8934 %
Root relative squared error             15.8185 %
Total Number of Instances             1954     


=== Detailed Accuracy By Class ===

                 TP Rate  FP Rate  Precision  Recall   F-Measure  MCC      ROC Area  PRC Area  Class
                 0.996    0.001    0.999      0.996    0.997      0.995    1.000     1.000     PD
                 0.999    0.004    0.996      0.999    0.997      0.995    1.000     1.000     SNP
Weighted Avg.    0.997    0.003    0.997      0.997    0.997      0.995    1.000     1.000     


=== Confusion Matrix ===

   a   b   <-- classified as
 973   4 |   a = PD
   1 976 |   b = SNP

Time taken to perform cross-validation: 3.97 seconds


=== Stratified cross-validation ===

Correctly Classified Instances        1852               94.7799 %
Incorrectly Classified Instances       102                5.2201 %
Kappa statistic                          0.8956
Mean absolute error                      0.1326
Root mean squared error                  0.2125
Relative absolute error                 26.5239 %
Root relative squared error             42.5053 %
Total Number of Instances             1954     


=== Detailed Accuracy By Class ===

                 TP Rate  FP Rate  Precision  Recall   F-Measure  MCC      ROC Area  PRC Area  Class
                 0.913    0.017    0.981      0.913    0.946      0.898    0.991     0.992     PD
                 0.983    0.087    0.919      0.983    0.950      0.898    0.991     0.990     SNP
Weighted Avg.    0.948    0.052    0.950      0.948    0.948      0.898    0.991     0.991     


=== Confusion Matrix ===

   a   b   <-- classified as
 892  85 |   a = PD
  17 960 |   b = SNP

