
Options: -I 100 

=== Classifier model (full training set) ===

RandomForest

Bagging with 100 iterations and base learner

weka.classifiers.trees.RandomTree -K 0 -M 1.0 -V 0.001 -S 1 -do-not-check-capabilities

Time taken to build model: 1.99 seconds

Time taken to test model on training data: 0.21 seconds

=== Error on training data ===

Correctly Classified Instances        1951               99.8465 %
Incorrectly Classified Instances         3                0.1535 %
Kappa statistic                          0.9969
Mean absolute error                      0.0442
Root mean squared error                  0.076 
Relative absolute error                  8.834  %
Root relative squared error             15.1951 %
Total Number of Instances             1954     


=== Detailed Accuracy By Class ===

                 TP Rate  FP Rate  Precision  Recall   F-Measure  MCC      ROC Area  PRC Area  Class
                 0.998    0.001    0.999      0.998    0.998      0.997    1.000     1.000     PD
                 0.999    0.002    0.998      0.999    0.998      0.997    1.000     1.000     SNP
Weighted Avg.    0.998    0.002    0.998      0.998    0.998      0.997    1.000     1.000     


=== Confusion Matrix ===

   a   b   <-- classified as
 975   2 |   a = PD
   1 976 |   b = SNP

Time taken to perform cross-validation: 6.63 seconds


=== Stratified cross-validation ===

Correctly Classified Instances        1863               95.3429 %
Incorrectly Classified Instances        91                4.6571 %
Kappa statistic                          0.9069
Mean absolute error                      0.1328
Root mean squared error                  0.2117
Relative absolute error                 26.5692 %
Root relative squared error             42.3444 %
Total Number of Instances             1954     


=== Detailed Accuracy By Class ===

                 TP Rate  FP Rate  Precision  Recall   F-Measure  MCC      ROC Area  PRC Area  Class
                 0.925    0.018    0.980      0.925    0.952      0.908    0.989     0.989     PD
                 0.982    0.075    0.929      0.982    0.955      0.908    0.989     0.988     SNP
Weighted Avg.    0.953    0.047    0.955      0.953    0.953      0.908    0.989     0.989     


=== Confusion Matrix ===

   a   b   <-- classified as
 904  73 |   a = PD
  18 959 |   b = SNP

