
Options: -I 50 

=== Classifier model (full training set) ===

RandomForest

Bagging with 50 iterations and base learner

weka.classifiers.trees.RandomTree -K 0 -M 1.0 -V 0.001 -S 1 -do-not-check-capabilities

Time taken to build model: 1.47 seconds

Time taken to test model on training data: 0.13 seconds

=== Error on training data ===

Correctly Classified Instances        1954              100      %
Incorrectly Classified Instances         0                0      %
Kappa statistic                          1     
Mean absolute error                      0.0468
Root mean squared error                  0.0774
Relative absolute error                  9.3593 %
Root relative squared error             15.4898 %
Total Number of Instances             1954     


=== Detailed Accuracy By Class ===

                 TP Rate  FP Rate  Precision  Recall   F-Measure  MCC      ROC Area  PRC Area  Class
                 1.000    0.000    1.000      1.000    1.000      1.000    1.000     1.000     PD
                 1.000    0.000    1.000      1.000    1.000      1.000    1.000     1.000     SNP
Weighted Avg.    1.000    0.000    1.000      1.000    1.000      1.000    1.000     1.000     


=== Confusion Matrix ===

   a   b   <-- classified as
 977   0 |   a = PD
   0 977 |   b = SNP

Time taken to perform cross-validation: 3.78 seconds


=== Stratified cross-validation ===

Correctly Classified Instances        1856               94.9846 %
Incorrectly Classified Instances        98                5.0154 %
Kappa statistic                          0.8997
Mean absolute error                      0.1323
Root mean squared error                  0.2126
Relative absolute error                 26.4646 %
Root relative squared error             42.5222 %
Total Number of Instances             1954     


=== Detailed Accuracy By Class ===

                 TP Rate  FP Rate  Precision  Recall   F-Measure  MCC      ROC Area  PRC Area  Class
                 0.918    0.018    0.980      0.918    0.948      0.902    0.990     0.991     PD
                 0.982    0.082    0.923      0.982    0.951      0.902    0.990     0.989     SNP
Weighted Avg.    0.950    0.050    0.952      0.950    0.950      0.902    0.990     0.990     


=== Confusion Matrix ===

   a   b   <-- classified as
 897  80 |   a = PD
  18 959 |   b = SNP

