
Options: -I 50 

=== Classifier model (full training set) ===

RandomForest

Bagging with 50 iterations and base learner

weka.classifiers.trees.RandomTree -K 0 -M 1.0 -V 0.001 -S 1 -do-not-check-capabilities

Time taken to build model: 1.26 seconds

Time taken to test model on training data: 0.48 seconds

=== Error on training data ===

Correctly Classified Instances        1950               99.7953 %
Incorrectly Classified Instances         4                0.2047 %
Kappa statistic                          0.9959
Mean absolute error                      0.0453
Root mean squared error                  0.0784
Relative absolute error                  9.0502 %
Root relative squared error             15.6827 %
Total Number of Instances             1954     


=== Detailed Accuracy By Class ===

                 TP Rate  FP Rate  Precision  Recall   F-Measure  MCC      ROC Area  PRC Area  Class
                 0.998    0.002    0.998      0.998    0.998      0.996    1.000     1.000     PD
                 0.998    0.002    0.998      0.998    0.998      0.996    1.000     1.000     SNP
Weighted Avg.    0.998    0.002    0.998      0.998    0.998      0.996    1.000     1.000     


=== Confusion Matrix ===

   a   b   <-- classified as
 975   2 |   a = PD
   2 975 |   b = SNP

Time taken to perform cross-validation: 4.09 seconds


=== Stratified cross-validation ===

Correctly Classified Instances        1858               95.087  %
Incorrectly Classified Instances        96                4.913  %
Kappa statistic                          0.9017
Mean absolute error                      0.1328
Root mean squared error                  0.2134
Relative absolute error                 26.5591 %
Root relative squared error             42.6733 %
Total Number of Instances             1954     


=== Detailed Accuracy By Class ===

                 TP Rate  FP Rate  Precision  Recall   F-Measure  MCC      ROC Area  PRC Area  Class
                 0.925    0.024    0.975      0.925    0.950      0.903    0.988     0.987     PD
                 0.976    0.075    0.929      0.976    0.952      0.903    0.988     0.988     SNP
Weighted Avg.    0.951    0.049    0.952      0.951    0.951      0.903    0.988     0.988     


=== Confusion Matrix ===

   a   b   <-- classified as
 904  73 |   a = PD
  23 954 |   b = SNP

