
Options: -I 400 

=== Classifier model (full training set) ===

RandomForest

Bagging with 400 iterations and base learner

weka.classifiers.trees.RandomTree -K 0 -M 1.0 -V 0.001 -S 1 -do-not-check-capabilities

Time taken to build model: 4.83 seconds

Time taken to test model on training data: 0.38 seconds

=== Error on training data ===

Correctly Classified Instances        1951               99.8465 %
Incorrectly Classified Instances         3                0.1535 %
Kappa statistic                          0.9969
Mean absolute error                      0.0449
Root mean squared error                  0.0744
Relative absolute error                  8.9816 %
Root relative squared error             14.8773 %
Total Number of Instances             1954     


=== Detailed Accuracy By Class ===

                 TP Rate  FP Rate  Precision  Recall   F-Measure  MCC      ROC Area  PRC Area  Class
                 0.998    0.001    0.999      0.998    0.998      0.997    1.000     1.000     PD
                 0.999    0.002    0.998      0.999    0.998      0.997    1.000     1.000     SNP
Weighted Avg.    0.998    0.002    0.998      0.998    0.998      0.997    1.000     1.000     


=== Confusion Matrix ===

   a   b   <-- classified as
 975   2 |   a = PD
   1 976 |   b = SNP

Time taken to perform cross-validation: 27.71 seconds


=== Stratified cross-validation ===

Correctly Classified Instances        1862               95.2917 %
Incorrectly Classified Instances        92                4.7083 %
Kappa statistic                          0.9058
Mean absolute error                      0.1328
Root mean squared error                  0.21  
Relative absolute error                 26.5626 %
Root relative squared error             41.9998 %
Total Number of Instances             1954     


=== Detailed Accuracy By Class ===

                 TP Rate  FP Rate  Precision  Recall   F-Measure  MCC      ROC Area  PRC Area  Class
                 0.924    0.018    0.980      0.924    0.952      0.907    0.989     0.990     PD
                 0.982    0.076    0.928      0.982    0.954      0.907    0.989     0.989     SNP
Weighted Avg.    0.953    0.047    0.954      0.953    0.953      0.907    0.989     0.989     


=== Confusion Matrix ===

   a   b   <-- classified as
 903  74 |   a = PD
  18 959 |   b = SNP

