
Options: -I 10 

=== Classifier model (full training set) ===

RandomForest

Bagging with 10 iterations and base learner

weka.classifiers.trees.RandomTree -K 0 -M 1.0 -V 0.001 -S 1 -do-not-check-capabilities

Time taken to build model: 0.45 seconds

Time taken to test model on training data: 0.06 seconds

=== Error on training data ===

Correctly Classified Instances        1953               99.9488 %
Incorrectly Classified Instances         1                0.0512 %
Kappa statistic                          0.999 
Mean absolute error                      0.0481
Root mean squared error                  0.0988
Relative absolute error                  9.6213 %
Root relative squared error             19.7632 %
Total Number of Instances             1954     


=== Detailed Accuracy By Class ===

                 TP Rate  FP Rate  Precision  Recall   F-Measure  MCC      ROC Area  PRC Area  Class
                 0.999    0.000    1.000      0.999    0.999      0.999    1.000     1.000     PD
                 1.000    0.001    0.999      1.000    0.999      0.999    1.000     1.000     SNP
Weighted Avg.    0.999    0.001    0.999      0.999    0.999      0.999    1.000     1.000     


=== Confusion Matrix ===

   a   b   <-- classified as
 976   1 |   a = PD
   0 977 |   b = SNP

Time taken to perform cross-validation: 1.47 seconds


=== Stratified cross-validation ===

Correctly Classified Instances        1853               94.8311 %
Incorrectly Classified Instances       101                5.1689 %
Kappa statistic                          0.8966
Mean absolute error                      0.1315
Root mean squared error                  0.224 
Relative absolute error                 26.305  %
Root relative squared error             44.799  %
Total Number of Instances             1954     


=== Detailed Accuracy By Class ===

                 TP Rate  FP Rate  Precision  Recall   F-Measure  MCC      ROC Area  PRC Area  Class
                 0.924    0.028    0.971      0.924    0.947      0.898    0.985     0.982     PD
                 0.972    0.076    0.928      0.972    0.950      0.898    0.985     0.980     SNP
Weighted Avg.    0.948    0.052    0.949      0.948    0.948      0.898    0.985     0.981     


=== Confusion Matrix ===

   a   b   <-- classified as
 903  74 |   a = PD
  27 950 |   b = SNP

