
Options: -I 20 

=== Classifier model (full training set) ===

RandomForest

Bagging with 20 iterations and base learner

weka.classifiers.trees.RandomTree -K 0 -M 1.0 -V 0.001 -S 1 -do-not-check-capabilities

Time taken to build model: 0.94 seconds

Time taken to test model on training data: 0.08 seconds

=== Error on training data ===

Correctly Classified Instances        1950               99.7953 %
Incorrectly Classified Instances         4                0.2047 %
Kappa statistic                          0.9959
Mean absolute error                      0.0435
Root mean squared error                  0.0867
Relative absolute error                  8.7018 %
Root relative squared error             17.3432 %
Total Number of Instances             1954     


=== Detailed Accuracy By Class ===

                 TP Rate  FP Rate  Precision  Recall   F-Measure  MCC      ROC Area  PRC Area  Class
                 0.999    0.003    0.997      0.999    0.998      0.996    1.000     1.000     PD
                 0.997    0.001    0.999      0.997    0.998      0.996    1.000     1.000     SNP
Weighted Avg.    0.998    0.002    0.998      0.998    0.998      0.996    1.000     1.000     


=== Confusion Matrix ===

   a   b   <-- classified as
 976   1 |   a = PD
   3 974 |   b = SNP

Time taken to perform cross-validation: 2.24 seconds


=== Stratified cross-validation ===

Correctly Classified Instances        1861               95.2405 %
Incorrectly Classified Instances        93                4.7595 %
Kappa statistic                          0.9048
Mean absolute error                      0.1256
Root mean squared error                  0.2122
Relative absolute error                 25.1128 %
Root relative squared error             42.4451 %
Total Number of Instances             1954     


=== Detailed Accuracy By Class ===

                 TP Rate  FP Rate  Precision  Recall   F-Measure  MCC      ROC Area  PRC Area  Class
                 0.925    0.020    0.978      0.925    0.951      0.906    0.987     0.988     PD
                 0.980    0.075    0.929      0.980    0.954      0.906    0.987     0.982     SNP
Weighted Avg.    0.952    0.048    0.954      0.952    0.952      0.906    0.987     0.985     


=== Confusion Matrix ===

   a   b   <-- classified as
 904  73 |   a = PD
  20 957 |   b = SNP

