
Options: -I 50 

=== Classifier model (full training set) ===

RandomForest

Bagging with 50 iterations and base learner

weka.classifiers.trees.RandomTree -K 0 -M 1.0 -V 0.001 -S 1 -do-not-check-capabilities

Time taken to build model: 1.07 seconds

Time taken to test model on training data: 0.13 seconds

=== Error on training data ===

Correctly Classified Instances        1952               99.8976 %
Incorrectly Classified Instances         2                0.1024 %
Kappa statistic                          0.998 
Mean absolute error                      0.0446
Root mean squared error                  0.0784
Relative absolute error                  8.9267 %
Root relative squared error             15.6809 %
Total Number of Instances             1954     


=== Detailed Accuracy By Class ===

                 TP Rate  FP Rate  Precision  Recall   F-Measure  MCC      ROC Area  PRC Area  Class
                 1.000    0.002    0.998      1.000    0.999      0.998    1.000     1.000     PD
                 0.998    0.000    1.000      0.998    0.999      0.998    1.000     1.000     SNP
Weighted Avg.    0.999    0.001    0.999      0.999    0.999      0.998    1.000     1.000     


=== Confusion Matrix ===

   a   b   <-- classified as
 977   0 |   a = PD
   2 975 |   b = SNP

Time taken to perform cross-validation: 3.98 seconds


=== Stratified cross-validation ===

Correctly Classified Instances        1860               95.1894 %
Incorrectly Classified Instances        94                4.8106 %
Kappa statistic                          0.9038
Mean absolute error                      0.1303
Root mean squared error                  0.208 
Relative absolute error                 26.0627 %
Root relative squared error             41.5956 %
Total Number of Instances             1954     


=== Detailed Accuracy By Class ===

                 TP Rate  FP Rate  Precision  Recall   F-Measure  MCC      ROC Area  PRC Area  Class
                 0.920    0.016    0.983      0.920    0.950      0.906    0.992     0.992     PD
                 0.984    0.080    0.925      0.984    0.953      0.906    0.992     0.989     SNP
Weighted Avg.    0.952    0.048    0.954      0.952    0.952      0.906    0.992     0.991     


=== Confusion Matrix ===

   a   b   <-- classified as
 899  78 |   a = PD
  16 961 |   b = SNP

