
Options: -I 200 

=== Classifier model (full training set) ===

RandomForest

Bagging with 200 iterations and base learner

weka.classifiers.trees.RandomTree -K 0 -M 1.0 -V 0.001 -S 1 -do-not-check-capabilities

Time taken to build model: 3.48 seconds

Time taken to test model on training data: 0.21 seconds

=== Error on training data ===

Correctly Classified Instances        1949               99.7441 %
Incorrectly Classified Instances         5                0.2559 %
Kappa statistic                          0.9949
Mean absolute error                      0.0449
Root mean squared error                  0.0755
Relative absolute error                  8.9721 %
Root relative squared error             15.1066 %
Total Number of Instances             1954     


=== Detailed Accuracy By Class ===

                 TP Rate  FP Rate  Precision  Recall   F-Measure  MCC      ROC Area  PRC Area  Class
                 0.996    0.001    0.999      0.996    0.997      0.995    1.000     1.000     PD
                 0.999    0.004    0.996      0.999    0.997      0.995    1.000     1.000     SNP
Weighted Avg.    0.997    0.003    0.997      0.997    0.997      0.995    1.000     1.000     


=== Confusion Matrix ===

   a   b   <-- classified as
 973   4 |   a = PD
   1 976 |   b = SNP

Time taken to perform cross-validation: 14.47 seconds


=== Stratified cross-validation ===

Correctly Classified Instances        1872               95.8035 %
Incorrectly Classified Instances        82                4.1965 %
Kappa statistic                          0.9161
Mean absolute error                      0.1298
Root mean squared error                  0.2027
Relative absolute error                 25.9672 %
Root relative squared error             40.5378 %
Total Number of Instances             1954     


=== Detailed Accuracy By Class ===

                 TP Rate  FP Rate  Precision  Recall   F-Measure  MCC      ROC Area  PRC Area  Class
                 0.933    0.017    0.982      0.933    0.957      0.917    0.992     0.993     PD
                 0.983    0.067    0.937      0.983    0.959      0.917    0.992     0.991     SNP
Weighted Avg.    0.958    0.042    0.959      0.958    0.958      0.917    0.992     0.992     


=== Confusion Matrix ===

   a   b   <-- classified as
 912  65 |   a = PD
  17 960 |   b = SNP

