
Options: -I 300 

=== Classifier model (full training set) ===

RandomForest

Bagging with 300 iterations and base learner

weka.classifiers.trees.RandomTree -K 0 -M 1.0 -V 0.001 -S 1 -do-not-check-capabilities

Time taken to build model: 4.2 seconds

Time taken to test model on training data: 0.36 seconds

=== Error on training data ===

Correctly Classified Instances        1952               99.8976 %
Incorrectly Classified Instances         2                0.1024 %
Kappa statistic                          0.998 
Mean absolute error                      0.0438
Root mean squared error                  0.0724
Relative absolute error                  8.7609 %
Root relative squared error             14.4811 %
Total Number of Instances             1954     


=== Detailed Accuracy By Class ===

                 TP Rate  FP Rate  Precision  Recall   F-Measure  MCC      ROC Area  PRC Area  Class
                 0.998    0.000    1.000      0.998    0.999      0.998    1.000     1.000     PD
                 1.000    0.002    0.998      1.000    0.999      0.998    1.000     1.000     SNP
Weighted Avg.    0.999    0.001    0.999      0.999    0.999      0.998    1.000     1.000     


=== Confusion Matrix ===

   a   b   <-- classified as
 975   2 |   a = PD
   0 977 |   b = SNP

Time taken to perform cross-validation: 21.76 seconds


=== Stratified cross-validation ===

Correctly Classified Instances        1857               95.0358 %
Incorrectly Classified Instances        97                4.9642 %
Kappa statistic                          0.9007
Mean absolute error                      0.1312
Root mean squared error                  0.2056
Relative absolute error                 26.2475 %
Root relative squared error             41.1224 %
Total Number of Instances             1954     


=== Detailed Accuracy By Class ===

                 TP Rate  FP Rate  Precision  Recall   F-Measure  MCC      ROC Area  PRC Area  Class
                 0.926    0.026    0.973      0.926    0.949      0.902    0.992     0.993     PD
                 0.974    0.074    0.930      0.974    0.952      0.902    0.992     0.991     SNP
Weighted Avg.    0.950    0.050    0.951      0.950    0.950      0.902    0.992     0.992     


=== Confusion Matrix ===

   a   b   <-- classified as
 905  72 |   a = PD
  25 952 |   b = SNP

