
Options: -I 20 

=== Classifier model (full training set) ===

RandomForest

Bagging with 20 iterations and base learner

weka.classifiers.trees.RandomTree -K 0 -M 1.0 -V 0.001 -S 1 -do-not-check-capabilities

Time taken to build model: 0.52 seconds

Time taken to test model on training data: 0.09 seconds

=== Error on training data ===

Correctly Classified Instances        1952               99.8976 %
Incorrectly Classified Instances         2                0.1024 %
Kappa statistic                          0.998 
Mean absolute error                      0.0446
Root mean squared error                  0.0863
Relative absolute error                  8.915  %
Root relative squared error             17.2598 %
Total Number of Instances             1954     


=== Detailed Accuracy By Class ===

                 TP Rate  FP Rate  Precision  Recall   F-Measure  MCC      ROC Area  PRC Area  Class
                 0.998    0.000    1.000      0.998    0.999      0.998    1.000     1.000     PD
                 1.000    0.002    0.998      1.000    0.999      0.998    1.000     1.000     SNP
Weighted Avg.    0.999    0.001    0.999      0.999    0.999      0.998    1.000     1.000     


=== Confusion Matrix ===

   a   b   <-- classified as
 975   2 |   a = PD
   0 977 |   b = SNP

Time taken to perform cross-validation: 2.57 seconds


=== Stratified cross-validation ===

Correctly Classified Instances        1861               95.2405 %
Incorrectly Classified Instances        93                4.7595 %
Kappa statistic                          0.9048
Mean absolute error                      0.1298
Root mean squared error                  0.2131
Relative absolute error                 25.9578 %
Root relative squared error             42.6295 %
Total Number of Instances             1954     


=== Detailed Accuracy By Class ===

                 TP Rate  FP Rate  Precision  Recall   F-Measure  MCC      ROC Area  PRC Area  Class
                 0.929    0.025    0.974      0.929    0.951      0.906    0.990     0.990     PD
                 0.975    0.071    0.932      0.975    0.953      0.906    0.990     0.986     SNP
Weighted Avg.    0.952    0.048    0.953      0.952    0.952      0.906    0.990     0.988     


=== Confusion Matrix ===

   a   b   <-- classified as
 908  69 |   a = PD
  24 953 |   b = SNP

