
Options: -I 100 

=== Classifier model (full training set) ===

RandomForest

Bagging with 100 iterations and base learner

weka.classifiers.trees.RandomTree -K 0 -M 1.0 -V 0.001 -S 1 -do-not-check-capabilities

Time taken to build model: 1.98 seconds

Time taken to test model on training data: 0.29 seconds

=== Error on training data ===

Correctly Classified Instances        1951               99.8465 %
Incorrectly Classified Instances         3                0.1535 %
Kappa statistic                          0.9969
Mean absolute error                      0.0447
Root mean squared error                  0.075 
Relative absolute error                  8.9484 %
Root relative squared error             15.0086 %
Total Number of Instances             1954     


=== Detailed Accuracy By Class ===

                 TP Rate  FP Rate  Precision  Recall   F-Measure  MCC      ROC Area  PRC Area  Class
                 0.999    0.002    0.998      0.999    0.998      0.997    1.000     1.000     PD
                 0.998    0.001    0.999      0.998    0.998      0.997    1.000     1.000     SNP
Weighted Avg.    0.998    0.002    0.998      0.998    0.998      0.997    1.000     1.000     


=== Confusion Matrix ===

   a   b   <-- classified as
 976   1 |   a = PD
   2 975 |   b = SNP

Time taken to perform cross-validation: 5.7 seconds


=== Stratified cross-validation ===

Correctly Classified Instances        1857               95.0358 %
Incorrectly Classified Instances        97                4.9642 %
Kappa statistic                          0.9007
Mean absolute error                      0.1336
Root mean squared error                  0.2091
Relative absolute error                 26.7199 %
Root relative squared error             41.826  %
Total Number of Instances             1954     


=== Detailed Accuracy By Class ===

                 TP Rate  FP Rate  Precision  Recall   F-Measure  MCC      ROC Area  PRC Area  Class
                 0.925    0.025    0.974      0.925    0.949      0.902    0.991     0.992     PD
                 0.975    0.075    0.929      0.975    0.952      0.902    0.991     0.991     SNP
Weighted Avg.    0.950    0.050    0.951      0.950    0.950      0.902    0.991     0.991     


=== Confusion Matrix ===

   a   b   <-- classified as
 904  73 |   a = PD
  24 953 |   b = SNP

