
Options: -I 50 

=== Classifier model (full training set) ===

RandomForest

Bagging with 50 iterations and base learner

weka.classifiers.trees.RandomTree -K 0 -M 1.0 -V 0.001 -S 1 -do-not-check-capabilities

Time taken to build model: 1.28 seconds

Time taken to test model on training data: 0.13 seconds

=== Error on training data ===

Correctly Classified Instances        1951               99.8465 %
Incorrectly Classified Instances         3                0.1535 %
Kappa statistic                          0.9969
Mean absolute error                      0.0452
Root mean squared error                  0.0789
Relative absolute error                  9.0399 %
Root relative squared error             15.7703 %
Total Number of Instances             1954     


=== Detailed Accuracy By Class ===

                 TP Rate  FP Rate  Precision  Recall   F-Measure  MCC      ROC Area  PRC Area  Class
                 0.999    0.002    0.998      0.999    0.998      0.997    1.000     1.000     PD
                 0.998    0.001    0.999      0.998    0.998      0.997    1.000     1.000     SNP
Weighted Avg.    0.998    0.002    0.998      0.998    0.998      0.997    1.000     1.000     


=== Confusion Matrix ===

   a   b   <-- classified as
 976   1 |   a = PD
   2 975 |   b = SNP

Time taken to perform cross-validation: 4.05 seconds


=== Stratified cross-validation ===

Correctly Classified Instances        1859               95.1382 %
Incorrectly Classified Instances        95                4.8618 %
Kappa statistic                          0.9028
Mean absolute error                      0.1337
Root mean squared error                  0.2111
Relative absolute error                 26.7435 %
Root relative squared error             42.2123 %
Total Number of Instances             1954     


=== Detailed Accuracy By Class ===

                 TP Rate  FP Rate  Precision  Recall   F-Measure  MCC      ROC Area  PRC Area  Class
                 0.928    0.026    0.973      0.928    0.950      0.904    0.991     0.991     PD
                 0.974    0.072    0.932      0.974    0.952      0.904    0.991     0.990     SNP
Weighted Avg.    0.951    0.049    0.952      0.951    0.951      0.904    0.991     0.990     


=== Confusion Matrix ===

   a   b   <-- classified as
 907  70 |   a = PD
  25 952 |   b = SNP

