
Options: -I 20 

=== Classifier model (full training set) ===

RandomForest

Bagging with 20 iterations and base learner

weka.classifiers.trees.RandomTree -K 0 -M 1.0 -V 0.001 -S 1 -do-not-check-capabilities

Time taken to build model: 1.02 seconds

Time taken to test model on training data: 0.08 seconds

=== Error on training data ===

Correctly Classified Instances        1950               99.7953 %
Incorrectly Classified Instances         4                0.2047 %
Kappa statistic                          0.9959
Mean absolute error                      0.0454
Root mean squared error                  0.0864
Relative absolute error                  9.0842 %
Root relative squared error             17.2762 %
Total Number of Instances             1954     


=== Detailed Accuracy By Class ===

                 TP Rate  FP Rate  Precision  Recall   F-Measure  MCC      ROC Area  PRC Area  Class
                 0.996    0.000    1.000      0.996    0.998      0.996    1.000     1.000     PD
                 1.000    0.004    0.996      1.000    0.998      0.996    1.000     1.000     SNP
Weighted Avg.    0.998    0.002    0.998      0.998    0.998      0.996    1.000     1.000     


=== Confusion Matrix ===

   a   b   <-- classified as
 973   4 |   a = PD
   0 977 |   b = SNP

Time taken to perform cross-validation: 2.46 seconds


=== Stratified cross-validation ===

Correctly Classified Instances        1854               94.8823 %
Incorrectly Classified Instances       100                5.1177 %
Kappa statistic                          0.8976
Mean absolute error                      0.1345
Root mean squared error                  0.2218
Relative absolute error                 26.9032 %
Root relative squared error             44.3673 %
Total Number of Instances             1954     


=== Detailed Accuracy By Class ===

                 TP Rate  FP Rate  Precision  Recall   F-Measure  MCC      ROC Area  PRC Area  Class
                 0.921    0.024    0.975      0.921    0.947      0.899    0.985     0.981     PD
                 0.976    0.079    0.925      0.976    0.950      0.899    0.985     0.983     SNP
Weighted Avg.    0.949    0.051    0.950      0.949    0.949      0.899    0.985     0.982     


=== Confusion Matrix ===

   a   b   <-- classified as
 900  77 |   a = PD
  23 954 |   b = SNP

