
Options: -I 200 

=== Classifier model (full training set) ===

RandomForest

Bagging with 200 iterations and base learner

weka.classifiers.trees.RandomTree -K 0 -M 1.0 -V 0.001 -S 1 -do-not-check-capabilities

Time taken to build model: 3.58 seconds

Time taken to test model on training data: 0.22 seconds

=== Error on training data ===

Correctly Classified Instances        1952               99.8976 %
Incorrectly Classified Instances         2                0.1024 %
Kappa statistic                          0.998 
Mean absolute error                      0.0444
Root mean squared error                  0.0735
Relative absolute error                  8.8723 %
Root relative squared error             14.7073 %
Total Number of Instances             1954     


=== Detailed Accuracy By Class ===

                 TP Rate  FP Rate  Precision  Recall   F-Measure  MCC      ROC Area  PRC Area  Class
                 0.998    0.000    1.000      0.998    0.999      0.998    1.000     1.000     PD
                 1.000    0.002    0.998      1.000    0.999      0.998    1.000     1.000     SNP
Weighted Avg.    0.999    0.001    0.999      0.999    0.999      0.998    1.000     1.000     


=== Confusion Matrix ===

   a   b   <-- classified as
 975   2 |   a = PD
   0 977 |   b = SNP

Time taken to perform cross-validation: 15.2 seconds


=== Stratified cross-validation ===

Correctly Classified Instances        1858               95.087  %
Incorrectly Classified Instances        96                4.913  %
Kappa statistic                          0.9017
Mean absolute error                      0.131 
Root mean squared error                  0.2058
Relative absolute error                 26.2058 %
Root relative squared error             41.1531 %
Total Number of Instances             1954     


=== Detailed Accuracy By Class ===

                 TP Rate  FP Rate  Precision  Recall   F-Measure  MCC      ROC Area  PRC Area  Class
                 0.925    0.024    0.975      0.925    0.950      0.903    0.992     0.993     PD
                 0.976    0.075    0.929      0.976    0.952      0.903    0.992     0.991     SNP
Weighted Avg.    0.951    0.049    0.952      0.951    0.951      0.903    0.992     0.992     


=== Confusion Matrix ===

   a   b   <-- classified as
 904  73 |   a = PD
  23 954 |   b = SNP

