
Options: -I 10 

=== Classifier model (full training set) ===

RandomForest

Bagging with 10 iterations and base learner

weka.classifiers.trees.RandomTree -K 0 -M 1.0 -V 0.001 -S 1 -do-not-check-capabilities

Time taken to build model: 0.44 seconds

Time taken to test model on training data: 0.07 seconds

=== Error on training data ===

Correctly Classified Instances        1950               99.7953 %
Incorrectly Classified Instances         4                0.2047 %
Kappa statistic                          0.9959
Mean absolute error                      0.0426
Root mean squared error                  0.0945
Relative absolute error                  8.5159 %
Root relative squared error             18.8995 %
Total Number of Instances             1954     


=== Detailed Accuracy By Class ===

                 TP Rate  FP Rate  Precision  Recall   F-Measure  MCC      ROC Area  PRC Area  Class
                 0.996    0.000    1.000      0.996    0.998      0.996    1.000     1.000     PD
                 1.000    0.004    0.996      1.000    0.998      0.996    1.000     1.000     SNP
Weighted Avg.    0.998    0.002    0.998      0.998    0.998      0.996    1.000     1.000     


=== Confusion Matrix ===

   a   b   <-- classified as
 973   4 |   a = PD
   0 977 |   b = SNP

Time taken to perform cross-validation: 1.26 seconds


=== Stratified cross-validation ===

Correctly Classified Instances        1858               95.087  %
Incorrectly Classified Instances        96                4.913  %
Kappa statistic                          0.9017
Mean absolute error                      0.1278
Root mean squared error                  0.2204
Relative absolute error                 25.5646 %
Root relative squared error             44.0827 %
Total Number of Instances             1954     


=== Detailed Accuracy By Class ===

                 TP Rate  FP Rate  Precision  Recall   F-Measure  MCC      ROC Area  PRC Area  Class
                 0.932    0.031    0.968      0.932    0.950      0.902    0.986     0.983     PD
                 0.969    0.068    0.935      0.969    0.952      0.902    0.986     0.980     SNP
Weighted Avg.    0.951    0.049    0.951      0.951    0.951      0.902    0.986     0.981     


=== Confusion Matrix ===

   a   b   <-- classified as
 911  66 |   a = PD
  30 947 |   b = SNP

