
Options: -I 300 

=== Classifier model (full training set) ===

RandomForest

Bagging with 300 iterations and base learner

weka.classifiers.trees.RandomTree -K 0 -M 1.0 -V 0.001 -S 1 -do-not-check-capabilities

Time taken to build model: 4.61 seconds

Time taken to test model on training data: 0.37 seconds

=== Error on training data ===

Correctly Classified Instances        1949               99.7441 %
Incorrectly Classified Instances         5                0.2559 %
Kappa statistic                          0.9949
Mean absolute error                      0.0448
Root mean squared error                  0.0764
Relative absolute error                  8.9686 %
Root relative squared error             15.284  %
Total Number of Instances             1954     


=== Detailed Accuracy By Class ===

                 TP Rate  FP Rate  Precision  Recall   F-Measure  MCC      ROC Area  PRC Area  Class
                 0.998    0.003    0.997      0.998    0.997      0.995    1.000     1.000     PD
                 0.997    0.002    0.998      0.997    0.997      0.995    1.000     1.000     SNP
Weighted Avg.    0.997    0.003    0.997      0.997    0.997      0.995    1.000     1.000     


=== Confusion Matrix ===

   a   b   <-- classified as
 975   2 |   a = PD
   3 974 |   b = SNP

Time taken to perform cross-validation: 23.01 seconds


=== Stratified cross-validation ===

Correctly Classified Instances        1850               94.6776 %
Incorrectly Classified Instances       104                5.3224 %
Kappa statistic                          0.8936
Mean absolute error                      0.1328
Root mean squared error                  0.2101
Relative absolute error                 26.5603 %
Root relative squared error             42.0182 %
Total Number of Instances             1954     


=== Detailed Accuracy By Class ===

                 TP Rate  FP Rate  Precision  Recall   F-Measure  MCC      ROC Area  PRC Area  Class
                 0.912    0.018    0.980      0.912    0.945      0.896    0.992     0.993     PD
                 0.982    0.088    0.918      0.982    0.949      0.896    0.992     0.991     SNP
Weighted Avg.    0.947    0.053    0.949      0.947    0.947      0.896    0.992     0.992     


=== Confusion Matrix ===

   a   b   <-- classified as
 891  86 |   a = PD
  18 959 |   b = SNP

