
Options: -I 100 

=== Classifier model (full training set) ===

RandomForest

Bagging with 100 iterations and base learner

weka.classifiers.trees.RandomTree -K 0 -M 1.0 -V 0.001 -S 1 -do-not-check-capabilities

Time taken to build model: 1.86 seconds

Time taken to test model on training data: 0.21 seconds

=== Error on training data ===

Correctly Classified Instances        1949               99.7441 %
Incorrectly Classified Instances         5                0.2559 %
Kappa statistic                          0.9949
Mean absolute error                      0.0444
Root mean squared error                  0.0769
Relative absolute error                  8.8715 %
Root relative squared error             15.3759 %
Total Number of Instances             1954     


=== Detailed Accuracy By Class ===

                 TP Rate  FP Rate  Precision  Recall   F-Measure  MCC      ROC Area  PRC Area  Class
                 0.996    0.001    0.999      0.996    0.997      0.995    1.000     1.000     PD
                 0.999    0.004    0.996      0.999    0.997      0.995    1.000     1.000     SNP
Weighted Avg.    0.997    0.003    0.997      0.997    0.997      0.995    1.000     1.000     


=== Confusion Matrix ===

   a   b   <-- classified as
 973   4 |   a = PD
   1 976 |   b = SNP

Time taken to perform cross-validation: 8.66 seconds


=== Stratified cross-validation ===

Correctly Classified Instances        1854               94.8823 %
Incorrectly Classified Instances       100                5.1177 %
Kappa statistic                          0.8976
Mean absolute error                      0.133 
Root mean squared error                  0.2116
Relative absolute error                 26.5963 %
Root relative squared error             42.314  %
Total Number of Instances             1954     


=== Detailed Accuracy By Class ===

                 TP Rate  FP Rate  Precision  Recall   F-Measure  MCC      ROC Area  PRC Area  Class
                 0.915    0.017    0.981      0.915    0.947      0.900    0.991     0.992     PD
                 0.983    0.085    0.920      0.983    0.950      0.900    0.991     0.991     SNP
Weighted Avg.    0.949    0.051    0.951      0.949    0.949      0.900    0.991     0.991     


=== Confusion Matrix ===

   a   b   <-- classified as
 894  83 |   a = PD
  17 960 |   b = SNP

