
Options: -I 200 

=== Classifier model (full training set) ===

RandomForest

Bagging with 200 iterations and base learner

weka.classifiers.trees.RandomTree -K 0 -M 1.0 -V 0.001 -S 1 -do-not-check-capabilities

Time taken to build model: 3.71 seconds

Time taken to test model on training data: 0.22 seconds

=== Error on training data ===

Correctly Classified Instances        1949               99.7441 %
Incorrectly Classified Instances         5                0.2559 %
Kappa statistic                          0.9949
Mean absolute error                      0.0448
Root mean squared error                  0.0764
Relative absolute error                  8.9628 %
Root relative squared error             15.2887 %
Total Number of Instances             1954     


=== Detailed Accuracy By Class ===

                 TP Rate  FP Rate  Precision  Recall   F-Measure  MCC      ROC Area  PRC Area  Class
                 0.998    0.003    0.997      0.998    0.997      0.995    1.000     1.000     PD
                 0.997    0.002    0.998      0.997    0.997      0.995    1.000     1.000     SNP
Weighted Avg.    0.997    0.003    0.997      0.997    0.997      0.995    1.000     1.000     


=== Confusion Matrix ===

   a   b   <-- classified as
 975   2 |   a = PD
   3 974 |   b = SNP

Time taken to perform cross-validation: 15.17 seconds


=== Stratified cross-validation ===

Correctly Classified Instances        1855               94.9335 %
Incorrectly Classified Instances        99                5.0665 %
Kappa statistic                          0.8987
Mean absolute error                      0.1333
Root mean squared error                  0.2113
Relative absolute error                 26.6522 %
Root relative squared error             42.2625 %
Total Number of Instances             1954     


=== Detailed Accuracy By Class ===

                 TP Rate  FP Rate  Precision  Recall   F-Measure  MCC      ROC Area  PRC Area  Class
                 0.913    0.014    0.985      0.913    0.947      0.901    0.992     0.992     PD
                 0.986    0.087    0.919      0.986    0.951      0.901    0.992     0.991     SNP
Weighted Avg.    0.949    0.051    0.952      0.949    0.949      0.901    0.992     0.992     


=== Confusion Matrix ===

   a   b   <-- classified as
 892  85 |   a = PD
  14 963 |   b = SNP

