
Options: -I 20 

=== Classifier model (full training set) ===

RandomForest

Bagging with 20 iterations and base learner

weka.classifiers.trees.RandomTree -K 0 -M 1.0 -V 0.001 -S 1 -do-not-check-capabilities

Time taken to build model: 0.89 seconds

Time taken to test model on training data: 0.08 seconds

=== Error on training data ===

Correctly Classified Instances        1953               99.9488 %
Incorrectly Classified Instances         1                0.0512 %
Kappa statistic                          0.999 
Mean absolute error                      0.0473
Root mean squared error                  0.086 
Relative absolute error                  9.4575 %
Root relative squared error             17.196  %
Total Number of Instances             1954     


=== Detailed Accuracy By Class ===

                 TP Rate  FP Rate  Precision  Recall   F-Measure  MCC      ROC Area  PRC Area  Class
                 0.999    0.000    1.000      0.999    0.999      0.999    1.000     1.000     PD
                 1.000    0.001    0.999      1.000    0.999      0.999    1.000     1.000     SNP
Weighted Avg.    0.999    0.001    0.999      0.999    0.999      0.999    1.000     1.000     


=== Confusion Matrix ===

   a   b   <-- classified as
 976   1 |   a = PD
   0 977 |   b = SNP

Time taken to perform cross-validation: 2.29 seconds


=== Stratified cross-validation ===

Correctly Classified Instances        1864               95.3941 %
Incorrectly Classified Instances        90                4.6059 %
Kappa statistic                          0.9079
Mean absolute error                      0.1304
Root mean squared error                  0.2149
Relative absolute error                 26.0849 %
Root relative squared error             42.977  %
Total Number of Instances             1954     


=== Detailed Accuracy By Class ===

                 TP Rate  FP Rate  Precision  Recall   F-Measure  MCC      ROC Area  PRC Area  Class
                 0.923    0.015    0.984      0.923    0.952      0.910    0.989     0.988     PD
                 0.985    0.077    0.928      0.985    0.955      0.910    0.989     0.987     SNP
Weighted Avg.    0.954    0.046    0.956      0.954    0.954      0.910    0.989     0.988     


=== Confusion Matrix ===

   a   b   <-- classified as
 902  75 |   a = PD
  15 962 |   b = SNP

