
Options: -I 20 

=== Classifier model (full training set) ===

RandomForest

Bagging with 20 iterations and base learner

weka.classifiers.trees.RandomTree -K 0 -M 1.0 -V 0.001 -S 1 -do-not-check-capabilities

Time taken to build model: 0.6 seconds

Time taken to test model on training data: 0.08 seconds

=== Error on training data ===

Correctly Classified Instances        1953               99.9488 %
Incorrectly Classified Instances         1                0.0512 %
Kappa statistic                          0.999 
Mean absolute error                      0.0444
Root mean squared error                  0.0829
Relative absolute error                  8.8852 %
Root relative squared error             16.5753 %
Total Number of Instances             1954     


=== Detailed Accuracy By Class ===

                 TP Rate  FP Rate  Precision  Recall   F-Measure  MCC      ROC Area  PRC Area  Class
                 1.000    0.001    0.999      1.000    0.999      0.999    1.000     1.000     PD
                 0.999    0.000    1.000      0.999    0.999      0.999    1.000     1.000     SNP
Weighted Avg.    0.999    0.001    0.999      0.999    0.999      0.999    1.000     1.000     


=== Confusion Matrix ===

   a   b   <-- classified as
 977   0 |   a = PD
   1 976 |   b = SNP

Time taken to perform cross-validation: 2.58 seconds


=== Stratified cross-validation ===

Correctly Classified Instances        1851               94.7288 %
Incorrectly Classified Instances       103                5.2712 %
Kappa statistic                          0.8946
Mean absolute error                      0.1332
Root mean squared error                  0.2202
Relative absolute error                 26.6342 %
Root relative squared error             44.045  %
Total Number of Instances             1954     


=== Detailed Accuracy By Class ===

                 TP Rate  FP Rate  Precision  Recall   F-Measure  MCC      ROC Area  PRC Area  Class
                 0.927    0.033    0.966      0.927    0.946      0.895    0.986     0.984     PD
                 0.967    0.073    0.930      0.967    0.948      0.895    0.986     0.982     SNP
Weighted Avg.    0.947    0.053    0.948      0.947    0.947      0.895    0.986     0.983     


=== Confusion Matrix ===

   a   b   <-- classified as
 906  71 |   a = PD
  32 945 |   b = SNP

