
Options: -I 400 

=== Classifier model (full training set) ===

RandomForest

Bagging with 400 iterations and base learner

weka.classifiers.trees.RandomTree -K 0 -M 1.0 -V 0.001 -S 1 -do-not-check-capabilities

Time taken to build model: 4.74 seconds

Time taken to test model on training data: 0.39 seconds

=== Error on training data ===

Correctly Classified Instances        1950               99.7953 %
Incorrectly Classified Instances         4                0.2047 %
Kappa statistic                          0.9959
Mean absolute error                      0.0453
Root mean squared error                  0.0752
Relative absolute error                  9.0685 %
Root relative squared error             15.0485 %
Total Number of Instances             1954     


=== Detailed Accuracy By Class ===

                 TP Rate  FP Rate  Precision  Recall   F-Measure  MCC      ROC Area  PRC Area  Class
                 0.996    0.000    1.000      0.996    0.998      0.996    1.000     1.000     PD
                 1.000    0.004    0.996      1.000    0.998      0.996    1.000     1.000     SNP
Weighted Avg.    0.998    0.002    0.998      0.998    0.998      0.996    1.000     1.000     


=== Confusion Matrix ===

   a   b   <-- classified as
 973   4 |   a = PD
   0 977 |   b = SNP

Time taken to perform cross-validation: 28 seconds


=== Stratified cross-validation ===

Correctly Classified Instances        1861               95.2405 %
Incorrectly Classified Instances        93                4.7595 %
Kappa statistic                          0.9048
Mean absolute error                      0.1335
Root mean squared error                  0.2106
Relative absolute error                 26.7075 %
Root relative squared error             42.1227 %
Total Number of Instances             1954     


=== Detailed Accuracy By Class ===

                 TP Rate  FP Rate  Precision  Recall   F-Measure  MCC      ROC Area  PRC Area  Class
                 0.923    0.018    0.980      0.923    0.951      0.906    0.989     0.989     PD
                 0.982    0.077    0.927      0.982    0.954      0.906    0.989     0.989     SNP
Weighted Avg.    0.952    0.048    0.954      0.952    0.952      0.906    0.989     0.989     


=== Confusion Matrix ===

   a   b   <-- classified as
 902  75 |   a = PD
  18 959 |   b = SNP

