
Options: -I 20 

=== Classifier model (full training set) ===

RandomForest

Bagging with 20 iterations and base learner

weka.classifiers.trees.RandomTree -K 0 -M 1.0 -V 0.001 -S 1 -do-not-check-capabilities

Time taken to build model: 0.83 seconds

Time taken to test model on training data: 0.09 seconds

=== Error on training data ===

Correctly Classified Instances        1949               99.7441 %
Incorrectly Classified Instances         5                0.2559 %
Kappa statistic                          0.9949
Mean absolute error                      0.0464
Root mean squared error                  0.0911
Relative absolute error                  9.2735 %
Root relative squared error             18.2288 %
Total Number of Instances             1954     


=== Detailed Accuracy By Class ===

                 TP Rate  FP Rate  Precision  Recall   F-Measure  MCC      ROC Area  PRC Area  Class
                 0.999    0.004    0.996      0.999    0.997      0.995    1.000     1.000     PD
                 0.996    0.001    0.999      0.996    0.997      0.995    1.000     1.000     SNP
Weighted Avg.    0.997    0.003    0.997      0.997    0.997      0.995    1.000     1.000     


=== Confusion Matrix ===

   a   b   <-- classified as
 976   1 |   a = PD
   4 973 |   b = SNP

Time taken to perform cross-validation: 2.35 seconds


=== Stratified cross-validation ===

Correctly Classified Instances        1859               95.1382 %
Incorrectly Classified Instances        95                4.8618 %
Kappa statistic                          0.9028
Mean absolute error                      0.1311
Root mean squared error                  0.216 
Relative absolute error                 26.222  %
Root relative squared error             43.2035 %
Total Number of Instances             1954     


=== Detailed Accuracy By Class ===

                 TP Rate  FP Rate  Precision  Recall   F-Measure  MCC      ROC Area  PRC Area  Class
                 0.931    0.029    0.970      0.931    0.950      0.903    0.988     0.988     PD
                 0.971    0.069    0.934      0.971    0.952      0.903    0.988     0.983     SNP
Weighted Avg.    0.951    0.049    0.952      0.951    0.951      0.903    0.988     0.985     


=== Confusion Matrix ===

   a   b   <-- classified as
 910  67 |   a = PD
  28 949 |   b = SNP

