
Options: -I 300 

=== Classifier model (full training set) ===

RandomForest

Bagging with 300 iterations and base learner

weka.classifiers.trees.RandomTree -K 0 -M 1.0 -V 0.001 -S 1 -do-not-check-capabilities

Time taken to build model: 3.45 seconds

Time taken to test model on training data: 0.36 seconds

=== Error on training data ===

Correctly Classified Instances        1954              100      %
Incorrectly Classified Instances         0                0      %
Kappa statistic                          1     
Mean absolute error                      0.046 
Root mean squared error                  0.0733
Relative absolute error                  9.1938 %
Root relative squared error             14.6563 %
Total Number of Instances             1954     


=== Detailed Accuracy By Class ===

                 TP Rate  FP Rate  Precision  Recall   F-Measure  MCC      ROC Area  PRC Area  Class
                 1.000    0.000    1.000      1.000    1.000      1.000    1.000     1.000     PD
                 1.000    0.000    1.000      1.000    1.000      1.000    1.000     1.000     SNP
Weighted Avg.    1.000    0.000    1.000      1.000    1.000      1.000    1.000     1.000     


=== Confusion Matrix ===

   a   b   <-- classified as
 977   0 |   a = PD
   0 977 |   b = SNP

Time taken to perform cross-validation: 21.99 seconds


=== Stratified cross-validation ===

Correctly Classified Instances        1857               95.0358 %
Incorrectly Classified Instances        97                4.9642 %
Kappa statistic                          0.9007
Mean absolute error                      0.1344
Root mean squared error                  0.2098
Relative absolute error                 26.884  %
Root relative squared error             41.9644 %
Total Number of Instances             1954     


=== Detailed Accuracy By Class ===

                 TP Rate  FP Rate  Precision  Recall   F-Measure  MCC      ROC Area  PRC Area  Class
                 0.912    0.011    0.988      0.912    0.948      0.903    0.992     0.993     PD
                 0.989    0.088    0.918      0.989    0.952      0.903    0.992     0.992     SNP
Weighted Avg.    0.950    0.050    0.953      0.950    0.950      0.903    0.992     0.992     


=== Confusion Matrix ===

   a   b   <-- classified as
 891  86 |   a = PD
  11 966 |   b = SNP

