
Options: -I 200 

=== Classifier model (full training set) ===

RandomForest

Bagging with 200 iterations and base learner

weka.classifiers.trees.RandomTree -K 0 -M 1.0 -V 0.001 -S 1 -do-not-check-capabilities

Time taken to build model: 3.46 seconds

Time taken to test model on training data: 0.23 seconds

=== Error on training data ===

Correctly Classified Instances        1950               99.7953 %
Incorrectly Classified Instances         4                0.2047 %
Kappa statistic                          0.9959
Mean absolute error                      0.0453
Root mean squared error                  0.0755
Relative absolute error                  9.053  %
Root relative squared error             15.1012 %
Total Number of Instances             1954     


=== Detailed Accuracy By Class ===

                 TP Rate  FP Rate  Precision  Recall   F-Measure  MCC      ROC Area  PRC Area  Class
                 0.998    0.002    0.998      0.998    0.998      0.996    1.000     1.000     PD
                 0.998    0.002    0.998      0.998    0.998      0.996    1.000     1.000     SNP
Weighted Avg.    0.998    0.002    0.998      0.998    0.998      0.996    1.000     1.000     


=== Confusion Matrix ===

   a   b   <-- classified as
 975   2 |   a = PD
   2 975 |   b = SNP

Time taken to perform cross-validation: 16.66 seconds


=== Stratified cross-validation ===

Correctly Classified Instances        1862               95.2917 %
Incorrectly Classified Instances        92                4.7083 %
Kappa statistic                          0.9058
Mean absolute error                      0.1327
Root mean squared error                  0.21  
Relative absolute error                 26.5316 %
Root relative squared error             41.9939 %
Total Number of Instances             1954     


=== Detailed Accuracy By Class ===

                 TP Rate  FP Rate  Precision  Recall   F-Measure  MCC      ROC Area  PRC Area  Class
                 0.924    0.018    0.980      0.924    0.952      0.907    0.989     0.989     PD
                 0.982    0.076    0.928      0.982    0.954      0.907    0.989     0.989     SNP
Weighted Avg.    0.953    0.047    0.954      0.953    0.953      0.907    0.989     0.989     


=== Confusion Matrix ===

   a   b   <-- classified as
 903  74 |   a = PD
  18 959 |   b = SNP

