
Options: -I 300 

=== Classifier model (full training set) ===

RandomForest

Bagging with 300 iterations and base learner

weka.classifiers.trees.RandomTree -K 0 -M 1.0 -V 0.001 -S 1 -do-not-check-capabilities

Time taken to build model: 3.48 seconds

Time taken to test model on training data: 0.37 seconds

=== Error on training data ===

Correctly Classified Instances        1951               99.8465 %
Incorrectly Classified Instances         3                0.1535 %
Kappa statistic                          0.9969
Mean absolute error                      0.0449
Root mean squared error                  0.0739
Relative absolute error                  8.9752 %
Root relative squared error             14.7743 %
Total Number of Instances             1954     


=== Detailed Accuracy By Class ===

                 TP Rate  FP Rate  Precision  Recall   F-Measure  MCC      ROC Area  PRC Area  Class
                 0.999    0.002    0.998      0.999    0.998      0.997    1.000     1.000     PD
                 0.998    0.001    0.999      0.998    0.998      0.997    1.000     1.000     SNP
Weighted Avg.    0.998    0.002    0.998      0.998    0.998      0.997    1.000     1.000     


=== Confusion Matrix ===

   a   b   <-- classified as
 976   1 |   a = PD
   2 975 |   b = SNP

Time taken to perform cross-validation: 21.19 seconds


=== Stratified cross-validation ===

Correctly Classified Instances        1856               94.9846 %
Incorrectly Classified Instances        98                5.0154 %
Kappa statistic                          0.8997
Mean absolute error                      0.1326
Root mean squared error                  0.2064
Relative absolute error                 26.529  %
Root relative squared error             41.2803 %
Total Number of Instances             1954     


=== Detailed Accuracy By Class ===

                 TP Rate  FP Rate  Precision  Recall   F-Measure  MCC      ROC Area  PRC Area  Class
                 0.924    0.025    0.974      0.924    0.949      0.901    0.992     0.993     PD
                 0.975    0.076    0.928      0.975    0.951      0.901    0.992     0.992     SNP
Weighted Avg.    0.950    0.050    0.951      0.950    0.950      0.901    0.992     0.992     


=== Confusion Matrix ===

   a   b   <-- classified as
 903  74 |   a = PD
  24 953 |   b = SNP

