
Options: -I 400 

=== Classifier model (full training set) ===

RandomForest

Bagging with 400 iterations and base learner

weka.classifiers.trees.RandomTree -K 0 -M 1.0 -V 0.001 -S 1 -do-not-check-capabilities

Time taken to build model: 4.71 seconds

Time taken to test model on training data: 0.38 seconds

=== Error on training data ===

Correctly Classified Instances        1949               99.7441 %
Incorrectly Classified Instances         5                0.2559 %
Kappa statistic                          0.9949
Mean absolute error                      0.0445
Root mean squared error                  0.0747
Relative absolute error                  8.8984 %
Root relative squared error             14.9499 %
Total Number of Instances             1954     


=== Detailed Accuracy By Class ===

                 TP Rate  FP Rate  Precision  Recall   F-Measure  MCC      ROC Area  PRC Area  Class
                 0.996    0.001    0.999      0.996    0.997      0.995    1.000     1.000     PD
                 0.999    0.004    0.996      0.999    0.997      0.995    1.000     1.000     SNP
Weighted Avg.    0.997    0.003    0.997      0.997    0.997      0.995    1.000     1.000     


=== Confusion Matrix ===

   a   b   <-- classified as
 973   4 |   a = PD
   1 976 |   b = SNP

Time taken to perform cross-validation: 25.3 seconds


=== Stratified cross-validation ===

Correctly Classified Instances        1867               95.5476 %
Incorrectly Classified Instances        87                4.4524 %
Kappa statistic                          0.911 
Mean absolute error                      0.1295
Root mean squared error                  0.202 
Relative absolute error                 25.8944 %
Root relative squared error             40.4047 %
Total Number of Instances             1954     


=== Detailed Accuracy By Class ===

                 TP Rate  FP Rate  Precision  Recall   F-Measure  MCC      ROC Area  PRC Area  Class
                 0.930    0.019    0.980      0.930    0.954      0.912    0.992     0.993     PD
                 0.981    0.070    0.934      0.981    0.957      0.912    0.992     0.992     SNP
Weighted Avg.    0.955    0.045    0.957      0.955    0.955      0.912    0.992     0.992     


=== Confusion Matrix ===

   a   b   <-- classified as
 909  68 |   a = PD
  19 958 |   b = SNP

