
Options: -I 300 

=== Classifier model (full training set) ===

RandomForest

Bagging with 300 iterations and base learner

weka.classifiers.trees.RandomTree -K 0 -M 1.0 -V 0.001 -S 1 -do-not-check-capabilities

Time taken to build model: 4.78 seconds

Time taken to test model on training data: 0.38 seconds

=== Error on training data ===

Correctly Classified Instances        1950               99.7953 %
Incorrectly Classified Instances         4                0.2047 %
Kappa statistic                          0.9959
Mean absolute error                      0.0452
Root mean squared error                  0.0752
Relative absolute error                  9.0349 %
Root relative squared error             15.0376 %
Total Number of Instances             1954     


=== Detailed Accuracy By Class ===

                 TP Rate  FP Rate  Precision  Recall   F-Measure  MCC      ROC Area  PRC Area  Class
                 0.997    0.001    0.999      0.997    0.998      0.996    1.000     1.000     PD
                 0.999    0.003    0.997      0.999    0.998      0.996    1.000     1.000     SNP
Weighted Avg.    0.998    0.002    0.998      0.998    0.998      0.996    1.000     1.000     


=== Confusion Matrix ===

   a   b   <-- classified as
 974   3 |   a = PD
   1 976 |   b = SNP

Time taken to perform cross-validation: 20.74 seconds


=== Stratified cross-validation ===

Correctly Classified Instances        1862               95.2917 %
Incorrectly Classified Instances        92                4.7083 %
Kappa statistic                          0.9058
Mean absolute error                      0.1334
Root mean squared error                  0.2109
Relative absolute error                 26.683  %
Root relative squared error             42.1728 %
Total Number of Instances             1954     


=== Detailed Accuracy By Class ===

                 TP Rate  FP Rate  Precision  Recall   F-Measure  MCC      ROC Area  PRC Area  Class
                 0.924    0.018    0.980      0.924    0.952      0.907    0.989     0.989     PD
                 0.982    0.076    0.928      0.982    0.954      0.907    0.989     0.989     SNP
Weighted Avg.    0.953    0.047    0.954      0.953    0.953      0.907    0.989     0.989     


=== Confusion Matrix ===

   a   b   <-- classified as
 903  74 |   a = PD
  18 959 |   b = SNP

