
Options: -I 10 

=== Classifier model (full training set) ===

RandomForest

Bagging with 10 iterations and base learner

weka.classifiers.trees.RandomTree -K 0 -M 1.0 -V 0.001 -S 1 -do-not-check-capabilities

Time taken to build model: 0.49 seconds

Time taken to test model on training data: 0.07 seconds

=== Error on training data ===

Correctly Classified Instances        1945               99.5394 %
Incorrectly Classified Instances         9                0.4606 %
Kappa statistic                          0.9908
Mean absolute error                      0.044 
Root mean squared error                  0.0956
Relative absolute error                  8.7922 %
Root relative squared error             19.1144 %
Total Number of Instances             1954     


=== Detailed Accuracy By Class ===

                 TP Rate  FP Rate  Precision  Recall   F-Measure  MCC      ROC Area  PRC Area  Class
                 0.995    0.004    0.996      0.995    0.995      0.991    1.000     1.000     PD
                 0.996    0.005    0.995      0.996    0.995      0.991    1.000     1.000     SNP
Weighted Avg.    0.995    0.005    0.995      0.995    0.995      0.991    1.000     1.000     


=== Confusion Matrix ===

   a   b   <-- classified as
 972   5 |   a = PD
   4 973 |   b = SNP

Time taken to perform cross-validation: 1.7 seconds


=== Stratified cross-validation ===

Correctly Classified Instances        1845               94.4217 %
Incorrectly Classified Instances       109                5.5783 %
Kappa statistic                          0.8884
Mean absolute error                      0.1376
Root mean squared error                  0.2338
Relative absolute error                 27.5168 %
Root relative squared error             46.754  %
Total Number of Instances             1954     


=== Detailed Accuracy By Class ===

                 TP Rate  FP Rate  Precision  Recall   F-Measure  MCC      ROC Area  PRC Area  Class
                 0.930    0.042    0.957      0.930    0.943      0.889    0.981     0.979     PD
                 0.958    0.070    0.932      0.958    0.945      0.889    0.981     0.972     SNP
Weighted Avg.    0.944    0.056    0.945      0.944    0.944      0.889    0.981     0.976     


=== Confusion Matrix ===

   a   b   <-- classified as
 909  68 |   a = PD
  41 936 |   b = SNP

