
Options: -I 10 

=== Classifier model (full training set) ===

RandomForest

Bagging with 10 iterations and base learner

weka.classifiers.trees.RandomTree -K 0 -M 1.0 -V 0.001 -S 1 -do-not-check-capabilities

Time taken to build model: 0.48 seconds

Time taken to test model on training data: 0.07 seconds

=== Error on training data ===

Correctly Classified Instances        1948               99.6929 %
Incorrectly Classified Instances         6                0.3071 %
Kappa statistic                          0.9939
Mean absolute error                      0.0439
Root mean squared error                  0.0956
Relative absolute error                  8.7769 %
Root relative squared error             19.1242 %
Total Number of Instances             1954     


=== Detailed Accuracy By Class ===

                 TP Rate  FP Rate  Precision  Recall   F-Measure  MCC      ROC Area  PRC Area  Class
                 0.995    0.001    0.999      0.995    0.997      0.994    1.000     1.000     PD
                 0.999    0.005    0.995      0.999    0.997      0.994    1.000     1.000     SNP
Weighted Avg.    0.997    0.003    0.997      0.997    0.997      0.994    1.000     1.000     


=== Confusion Matrix ===

   a   b   <-- classified as
 972   5 |   a = PD
   1 976 |   b = SNP

Time taken to perform cross-validation: 1.58 seconds


=== Stratified cross-validation ===

Correctly Classified Instances        1856               94.9846 %
Incorrectly Classified Instances        98                5.0154 %
Kappa statistic                          0.8997
Mean absolute error                      0.1316
Root mean squared error                  0.2256
Relative absolute error                 26.3169 %
Root relative squared error             45.1248 %
Total Number of Instances             1954     


=== Detailed Accuracy By Class ===

                 TP Rate  FP Rate  Precision  Recall   F-Measure  MCC      ROC Area  PRC Area  Class
                 0.932    0.033    0.966      0.932    0.949      0.900    0.985     0.983     PD
                 0.967    0.068    0.935      0.967    0.951      0.900    0.985     0.979     SNP
Weighted Avg.    0.950    0.050    0.950      0.950    0.950      0.900    0.985     0.981     


=== Confusion Matrix ===

   a   b   <-- classified as
 911  66 |   a = PD
  32 945 |   b = SNP

