
Options: -I 50 

=== Classifier model (full training set) ===

RandomForest

Bagging with 50 iterations and base learner

weka.classifiers.trees.RandomTree -K 0 -M 1.0 -V 0.001 -S 1 -do-not-check-capabilities

Time taken to build model: 1.23 seconds

Time taken to test model on training data: 0.12 seconds

=== Error on training data ===

Correctly Classified Instances        1949               99.7441 %
Incorrectly Classified Instances         5                0.2559 %
Kappa statistic                          0.9949
Mean absolute error                      0.0455
Root mean squared error                  0.0814
Relative absolute error                  9.1091 %
Root relative squared error             16.2777 %
Total Number of Instances             1954     


=== Detailed Accuracy By Class ===

                 TP Rate  FP Rate  Precision  Recall   F-Measure  MCC      ROC Area  PRC Area  Class
                 0.997    0.002    0.998      0.997    0.997      0.995    1.000     1.000     PD
                 0.998    0.003    0.997      0.998    0.997      0.995    1.000     1.000     SNP
Weighted Avg.    0.997    0.003    0.997      0.997    0.997      0.995    1.000     1.000     


=== Confusion Matrix ===

   a   b   <-- classified as
 974   3 |   a = PD
   2 975 |   b = SNP

Time taken to perform cross-validation: 4.13 seconds


=== Stratified cross-validation ===

Correctly Classified Instances        1866               95.4964 %
Incorrectly Classified Instances        88                4.5036 %
Kappa statistic                          0.9099
Mean absolute error                      0.1303
Root mean squared error                  0.2072
Relative absolute error                 26.0584 %
Root relative squared error             41.4326 %
Total Number of Instances             1954     


=== Detailed Accuracy By Class ===

                 TP Rate  FP Rate  Precision  Recall   F-Measure  MCC      ROC Area  PRC Area  Class
                 0.934    0.025    0.974      0.934    0.954      0.911    0.991     0.991     PD
                 0.975    0.066    0.937      0.975    0.956      0.911    0.991     0.990     SNP
Weighted Avg.    0.955    0.045    0.956      0.955    0.955      0.911    0.991     0.990     


=== Confusion Matrix ===

   a   b   <-- classified as
 913  64 |   a = PD
  24 953 |   b = SNP

