
Options: -I 50 

=== Classifier model (full training set) ===

RandomForest

Bagging with 50 iterations and base learner

weka.classifiers.trees.RandomTree -K 0 -M 1.0 -V 0.001 -S 1 -do-not-check-capabilities

Time taken to build model: 1.14 seconds

Time taken to test model on training data: 0.13 seconds

=== Error on training data ===

Correctly Classified Instances        1953               99.9488 %
Incorrectly Classified Instances         1                0.0512 %
Kappa statistic                          0.999 
Mean absolute error                      0.0444
Root mean squared error                  0.0771
Relative absolute error                  8.8714 %
Root relative squared error             15.4251 %
Total Number of Instances             1954     


=== Detailed Accuracy By Class ===

                 TP Rate  FP Rate  Precision  Recall   F-Measure  MCC      ROC Area  PRC Area  Class
                 1.000    0.001    0.999      1.000    0.999      0.999    1.000     1.000     PD
                 0.999    0.000    1.000      0.999    0.999      0.999    1.000     1.000     SNP
Weighted Avg.    0.999    0.001    0.999      0.999    0.999      0.999    1.000     1.000     


=== Confusion Matrix ===

   a   b   <-- classified as
 977   0 |   a = PD
   1 976 |   b = SNP

Time taken to perform cross-validation: 4.39 seconds


=== Stratified cross-validation ===

Correctly Classified Instances        1853               94.8311 %
Incorrectly Classified Instances       101                5.1689 %
Kappa statistic                          0.8966
Mean absolute error                      0.1307
Root mean squared error                  0.2113
Relative absolute error                 26.1328 %
Root relative squared error             42.2669 %
Total Number of Instances             1954     


=== Detailed Accuracy By Class ===

                 TP Rate  FP Rate  Precision  Recall   F-Measure  MCC      ROC Area  PRC Area  Class
                 0.926    0.030    0.969      0.926    0.947      0.897    0.989     0.986     PD
                 0.970    0.074    0.929      0.970    0.949      0.897    0.989     0.988     SNP
Weighted Avg.    0.948    0.052    0.949      0.948    0.948      0.897    0.989     0.987     


=== Confusion Matrix ===

   a   b   <-- classified as
 905  72 |   a = PD
  29 948 |   b = SNP

