
Options: -I 100 

=== Classifier model (full training set) ===

RandomForest

Bagging with 100 iterations and base learner

weka.classifiers.trees.RandomTree -K 0 -M 1.0 -V 0.001 -S 1 -do-not-check-capabilities

Time taken to build model: 2.29 seconds

Time taken to test model on training data: 0.21 seconds

=== Error on training data ===

Correctly Classified Instances        1954              100      %
Incorrectly Classified Instances         0                0      %
Kappa statistic                          1     
Mean absolute error                      0.0463
Root mean squared error                  0.0749
Relative absolute error                  9.2651 %
Root relative squared error             14.9769 %
Total Number of Instances             1954     


=== Detailed Accuracy By Class ===

                 TP Rate  FP Rate  Precision  Recall   F-Measure  MCC      ROC Area  PRC Area  Class
                 1.000    0.000    1.000      1.000    1.000      1.000    1.000     1.000     PD
                 1.000    0.000    1.000      1.000    1.000      1.000    1.000     1.000     SNP
Weighted Avg.    1.000    0.000    1.000      1.000    1.000      1.000    1.000     1.000     


=== Confusion Matrix ===

   a   b   <-- classified as
 977   0 |   a = PD
   0 977 |   b = SNP

Time taken to perform cross-validation: 7.62 seconds


=== Stratified cross-validation ===

Correctly Classified Instances        1859               95.1382 %
Incorrectly Classified Instances        95                4.8618 %
Kappa statistic                          0.9028
Mean absolute error                      0.1334
Root mean squared error                  0.2111
Relative absolute error                 26.6867 %
Root relative squared error             42.2185 %
Total Number of Instances             1954     


=== Detailed Accuracy By Class ===

                 TP Rate  FP Rate  Precision  Recall   F-Measure  MCC      ROC Area  PRC Area  Class
                 0.918    0.015    0.984      0.918    0.950      0.905    0.991     0.991     PD
                 0.985    0.082    0.923      0.985    0.953      0.905    0.991     0.990     SNP
Weighted Avg.    0.951    0.049    0.953      0.951    0.951      0.905    0.991     0.991     


=== Confusion Matrix ===

   a   b   <-- classified as
 897  80 |   a = PD
  15 962 |   b = SNP

