
Options: -I 400 

=== Classifier model (full training set) ===

RandomForest

Bagging with 400 iterations and base learner

weka.classifiers.trees.RandomTree -K 0 -M 1.0 -V 0.001 -S 1 -do-not-check-capabilities

Time taken to build model: 4.28 seconds

Time taken to test model on training data: 0.36 seconds

=== Error on training data ===

Correctly Classified Instances        1950               99.7953 %
Incorrectly Classified Instances         4                0.2047 %
Kappa statistic                          0.9959
Mean absolute error                      0.0445
Root mean squared error                  0.075 
Relative absolute error                  8.9084 %
Root relative squared error             14.9925 %
Total Number of Instances             1954     


=== Detailed Accuracy By Class ===

                 TP Rate  FP Rate  Precision  Recall   F-Measure  MCC      ROC Area  PRC Area  Class
                 0.997    0.001    0.999      0.997    0.998      0.996    1.000     1.000     PD
                 0.999    0.003    0.997      0.999    0.998      0.996    1.000     1.000     SNP
Weighted Avg.    0.998    0.002    0.998      0.998    0.998      0.996    1.000     1.000     


=== Confusion Matrix ===

   a   b   <-- classified as
 974   3 |   a = PD
   1 976 |   b = SNP

Time taken to perform cross-validation: 26.66 seconds


=== Stratified cross-validation ===

Correctly Classified Instances        1854               94.8823 %
Incorrectly Classified Instances       100                5.1177 %
Kappa statistic                          0.8976
Mean absolute error                      0.133 
Root mean squared error                  0.2105
Relative absolute error                 26.5948 %
Root relative squared error             42.0983 %
Total Number of Instances             1954     


=== Detailed Accuracy By Class ===

                 TP Rate  FP Rate  Precision  Recall   F-Measure  MCC      ROC Area  PRC Area  Class
                 0.922    0.025    0.974      0.922    0.947      0.899    0.990     0.991     PD
                 0.975    0.078    0.926      0.975    0.950      0.899    0.990     0.990     SNP
Weighted Avg.    0.949    0.051    0.950      0.949    0.949      0.899    0.990     0.990     


=== Confusion Matrix ===

   a   b   <-- classified as
 901  76 |   a = PD
  24 953 |   b = SNP

