
Options: -I 200 

=== Classifier model (full training set) ===

RandomForest

Bagging with 200 iterations and base learner

weka.classifiers.trees.RandomTree -K 0 -M 1.0 -V 0.001 -S 1 -do-not-check-capabilities

Time taken to build model: 3.63 seconds

Time taken to test model on training data: 0.21 seconds

=== Error on training data ===

Correctly Classified Instances        1953               99.9488 %
Incorrectly Classified Instances         1                0.0512 %
Kappa statistic                          0.999 
Mean absolute error                      0.0437
Root mean squared error                  0.0722
Relative absolute error                  8.747  %
Root relative squared error             14.4318 %
Total Number of Instances             1954     


=== Detailed Accuracy By Class ===

                 TP Rate  FP Rate  Precision  Recall   F-Measure  MCC      ROC Area  PRC Area  Class
                 0.999    0.000    1.000      0.999    0.999      0.999    1.000     1.000     PD
                 1.000    0.001    0.999      1.000    0.999      0.999    1.000     1.000     SNP
Weighted Avg.    0.999    0.001    0.999      0.999    0.999      0.999    1.000     1.000     


=== Confusion Matrix ===

   a   b   <-- classified as
 976   1 |   a = PD
   0 977 |   b = SNP

Time taken to perform cross-validation: 15.54 seconds


=== Stratified cross-validation ===

Correctly Classified Instances        1864               95.3941 %
Incorrectly Classified Instances        90                4.6059 %
Kappa statistic                          0.9079
Mean absolute error                      0.1313
Root mean squared error                  0.2077
Relative absolute error                 26.2624 %
Root relative squared error             41.5358 %
Total Number of Instances             1954     


=== Detailed Accuracy By Class ===

                 TP Rate  FP Rate  Precision  Recall   F-Measure  MCC      ROC Area  PRC Area  Class
                 0.932    0.025    0.974      0.932    0.953      0.909    0.990     0.990     PD
                 0.975    0.068    0.935      0.975    0.955      0.909    0.990     0.990     SNP
Weighted Avg.    0.954    0.046    0.955      0.954    0.954      0.909    0.990     0.990     


=== Confusion Matrix ===

   a   b   <-- classified as
 911  66 |   a = PD
  24 953 |   b = SNP

