
Options: -I 20 

=== Classifier model (full training set) ===

RandomForest

Bagging with 20 iterations and base learner

weka.classifiers.trees.RandomTree -K 0 -M 1.0 -V 0.001 -S 1 -do-not-check-capabilities

Time taken to build model: 0.96 seconds

Time taken to test model on training data: 0.11 seconds

=== Error on training data ===

Correctly Classified Instances        1950               99.7953 %
Incorrectly Classified Instances         4                0.2047 %
Kappa statistic                          0.9959
Mean absolute error                      0.0437
Root mean squared error                  0.0844
Relative absolute error                  8.7385 %
Root relative squared error             16.8737 %
Total Number of Instances             1954     


=== Detailed Accuracy By Class ===

                 TP Rate  FP Rate  Precision  Recall   F-Measure  MCC      ROC Area  PRC Area  Class
                 0.997    0.001    0.999      0.997    0.998      0.996    1.000     1.000     PD
                 0.999    0.003    0.997      0.999    0.998      0.996    1.000     1.000     SNP
Weighted Avg.    0.998    0.002    0.998      0.998    0.998      0.996    1.000     1.000     


=== Confusion Matrix ===

   a   b   <-- classified as
 974   3 |   a = PD
   1 976 |   b = SNP

Time taken to perform cross-validation: 2.58 seconds


=== Stratified cross-validation ===

Correctly Classified Instances        1860               95.1894 %
Incorrectly Classified Instances        94                4.8106 %
Kappa statistic                          0.9038
Mean absolute error                      0.1338
Root mean squared error                  0.2188
Relative absolute error                 26.7698 %
Root relative squared error             43.7647 %
Total Number of Instances             1954     


=== Detailed Accuracy By Class ===

                 TP Rate  FP Rate  Precision  Recall   F-Measure  MCC      ROC Area  PRC Area  Class
                 0.929    0.026    0.973      0.929    0.951      0.905    0.987     0.986     PD
                 0.974    0.071    0.932      0.974    0.953      0.905    0.987     0.985     SNP
Weighted Avg.    0.952    0.048    0.953      0.952    0.952      0.905    0.987     0.986     


=== Confusion Matrix ===

   a   b   <-- classified as
 908  69 |   a = PD
  25 952 |   b = SNP

