
Options: -I 300 

=== Classifier model (full training set) ===

RandomForest

Bagging with 300 iterations and base learner

weka.classifiers.trees.RandomTree -K 0 -M 1.0 -V 0.001 -S 1 -do-not-check-capabilities

Time taken to build model: 3.31 seconds

Time taken to test model on training data: 0.37 seconds

=== Error on training data ===

Correctly Classified Instances        1949               99.7441 %
Incorrectly Classified Instances         5                0.2559 %
Kappa statistic                          0.9949
Mean absolute error                      0.0446
Root mean squared error                  0.075 
Relative absolute error                  8.9291 %
Root relative squared error             14.9972 %
Total Number of Instances             1954     


=== Detailed Accuracy By Class ===

                 TP Rate  FP Rate  Precision  Recall   F-Measure  MCC      ROC Area  PRC Area  Class
                 0.996    0.001    0.999      0.996    0.997      0.995    1.000     1.000     PD
                 0.999    0.004    0.996      0.999    0.997      0.995    1.000     1.000     SNP
Weighted Avg.    0.997    0.003    0.997      0.997    0.997      0.995    1.000     1.000     


=== Confusion Matrix ===

   a   b   <-- classified as
 973   4 |   a = PD
   1 976 |   b = SNP

Time taken to perform cross-validation: 21.55 seconds


=== Stratified cross-validation ===

Correctly Classified Instances        1869               95.6499 %
Incorrectly Classified Instances        85                4.3501 %
Kappa statistic                          0.913 
Mean absolute error                      0.1296
Root mean squared error                  0.2024
Relative absolute error                 25.9298 %
Root relative squared error             40.4868 %
Total Number of Instances             1954     


=== Detailed Accuracy By Class ===

                 TP Rate  FP Rate  Precision  Recall   F-Measure  MCC      ROC Area  PRC Area  Class
                 0.930    0.017    0.982      0.930    0.955      0.914    0.992     0.993     PD
                 0.983    0.070    0.934      0.983    0.958      0.914    0.992     0.991     SNP
Weighted Avg.    0.956    0.044    0.958      0.956    0.956      0.914    0.992     0.992     


=== Confusion Matrix ===

   a   b   <-- classified as
 909  68 |   a = PD
  17 960 |   b = SNP

