
Options: -I 400 

=== Classifier model (full training set) ===

RandomForest

Bagging with 400 iterations and base learner

weka.classifiers.trees.RandomTree -K 0 -M 1.0 -V 0.001 -S 1 -do-not-check-capabilities

Time taken to build model: 4.25 seconds

Time taken to test model on training data: 0.37 seconds

=== Error on training data ===

Correctly Classified Instances        1953               99.9488 %
Incorrectly Classified Instances         1                0.0512 %
Kappa statistic                          0.999 
Mean absolute error                      0.0438
Root mean squared error                  0.0708
Relative absolute error                  8.7571 %
Root relative squared error             14.1598 %
Total Number of Instances             1954     


=== Detailed Accuracy By Class ===

                 TP Rate  FP Rate  Precision  Recall   F-Measure  MCC      ROC Area  PRC Area  Class
                 0.999    0.000    1.000      0.999    0.999      0.999    1.000     1.000     PD
                 1.000    0.001    0.999      1.000    0.999      0.999    1.000     1.000     SNP
Weighted Avg.    0.999    0.001    0.999      0.999    0.999      0.999    1.000     1.000     


=== Confusion Matrix ===

   a   b   <-- classified as
 976   1 |   a = PD
   0 977 |   b = SNP

Time taken to perform cross-validation: 27.14 seconds


=== Stratified cross-validation ===

Correctly Classified Instances        1865               95.4452 %
Incorrectly Classified Instances        89                4.5548 %
Kappa statistic                          0.9089
Mean absolute error                      0.1315
Root mean squared error                  0.2078
Relative absolute error                 26.3076 %
Root relative squared error             41.5667 %
Total Number of Instances             1954     


=== Detailed Accuracy By Class ===

                 TP Rate  FP Rate  Precision  Recall   F-Measure  MCC      ROC Area  PRC Area  Class
                 0.933    0.025    0.974      0.933    0.953      0.910    0.990     0.990     PD
                 0.975    0.067    0.936      0.975    0.955      0.910    0.990     0.991     SNP
Weighted Avg.    0.954    0.046    0.955      0.954    0.954      0.910    0.990     0.990     


=== Confusion Matrix ===

   a   b   <-- classified as
 912  65 |   a = PD
  24 953 |   b = SNP

