
Options: -I 20 

=== Classifier model (full training set) ===

RandomForest

Bagging with 20 iterations and base learner

weka.classifiers.trees.RandomTree -K 0 -M 1.0 -V 0.001 -S 1 -do-not-check-capabilities

Time taken to build model: 0.99 seconds

Time taken to test model on training data: 0.08 seconds

=== Error on training data ===

Correctly Classified Instances        1950               99.7953 %
Incorrectly Classified Instances         4                0.2047 %
Kappa statistic                          0.9959
Mean absolute error                      0.0446
Root mean squared error                  0.0835
Relative absolute error                  8.9185 %
Root relative squared error             16.6982 %
Total Number of Instances             1954     


=== Detailed Accuracy By Class ===

                 TP Rate  FP Rate  Precision  Recall   F-Measure  MCC      ROC Area  PRC Area  Class
                 0.998    0.002    0.998      0.998    0.998      0.996    1.000     1.000     PD
                 0.998    0.002    0.998      0.998    0.998      0.996    1.000     1.000     SNP
Weighted Avg.    0.998    0.002    0.998      0.998    0.998      0.996    1.000     1.000     


=== Confusion Matrix ===

   a   b   <-- classified as
 975   2 |   a = PD
   2 975 |   b = SNP

Time taken to perform cross-validation: 3.36 seconds


=== Stratified cross-validation ===

Correctly Classified Instances        1857               95.0358 %
Incorrectly Classified Instances        97                4.9642 %
Kappa statistic                          0.9007
Mean absolute error                      0.133 
Root mean squared error                  0.2185
Relative absolute error                 26.5912 %
Root relative squared error             43.6943 %
Total Number of Instances             1954     


=== Detailed Accuracy By Class ===

                 TP Rate  FP Rate  Precision  Recall   F-Measure  MCC      ROC Area  PRC Area  Class
                 0.930    0.030    0.969      0.930    0.949      0.901    0.987     0.987     PD
                 0.970    0.070    0.933      0.970    0.951      0.901    0.987     0.982     SNP
Weighted Avg.    0.950    0.050    0.951      0.950    0.950      0.901    0.987     0.985     


=== Confusion Matrix ===

   a   b   <-- classified as
 909  68 |   a = PD
  29 948 |   b = SNP

