
Options: -I 200 

=== Classifier model (full training set) ===

RandomForest

Bagging with 200 iterations and base learner

weka.classifiers.trees.RandomTree -K 0 -M 1.0 -V 0.001 -S 1 -do-not-check-capabilities

Time taken to build model: 3.5 seconds

Time taken to test model on training data: 0.23 seconds

=== Error on training data ===

Correctly Classified Instances        1951               99.8465 %
Incorrectly Classified Instances         3                0.1535 %
Kappa statistic                          0.9969
Mean absolute error                      0.0451
Root mean squared error                  0.0758
Relative absolute error                  9.0175 %
Root relative squared error             15.1697 %
Total Number of Instances             1954     


=== Detailed Accuracy By Class ===

                 TP Rate  FP Rate  Precision  Recall   F-Measure  MCC      ROC Area  PRC Area  Class
                 0.998    0.001    0.999      0.998    0.998      0.997    1.000     1.000     PD
                 0.999    0.002    0.998      0.999    0.998      0.997    1.000     1.000     SNP
Weighted Avg.    0.998    0.002    0.998      0.998    0.998      0.997    1.000     1.000     


=== Confusion Matrix ===

   a   b   <-- classified as
 975   2 |   a = PD
   1 976 |   b = SNP

Time taken to perform cross-validation: 15.34 seconds


=== Stratified cross-validation ===

Correctly Classified Instances        1861               95.2405 %
Incorrectly Classified Instances        93                4.7595 %
Kappa statistic                          0.9048
Mean absolute error                      0.1333
Root mean squared error                  0.211 
Relative absolute error                 26.6533 %
Root relative squared error             42.1902 %
Total Number of Instances             1954     


=== Detailed Accuracy By Class ===

                 TP Rate  FP Rate  Precision  Recall   F-Measure  MCC      ROC Area  PRC Area  Class
                 0.923    0.018    0.980      0.923    0.951      0.906    0.989     0.989     PD
                 0.982    0.077    0.927      0.982    0.954      0.906    0.989     0.988     SNP
Weighted Avg.    0.952    0.048    0.954      0.952    0.952      0.906    0.989     0.989     


=== Confusion Matrix ===

   a   b   <-- classified as
 902  75 |   a = PD
  18 959 |   b = SNP

