
Random forest of 10 trees, each constructed while considering 6 random features.
Out of bag error: 0.316



Time taken to build model: 1.12 seconds
Time taken to test model on training data: 0.21 seconds

=== Error on training data ===

Correctly Classified Instances         998               99.8    %
Incorrectly Classified Instances         2                0.2    %
Kappa statistic                          0.996 
Mean absolute error                      0.0769
Root mean squared error                  0.1231
Relative absolute error                 15.38   %
Root relative squared error             24.6171 %
Total Number of Instances             1000     


=== Detailed Accuracy By Class ===

               TP Rate   FP Rate   Precision   Recall  F-Measure   ROC Area  Class
                 1         0.004      0.996     1         0.998      1        pd
                 0.996     0          1         0.996     0.998      1        snp
Weighted Avg.    0.998     0.002      0.998     0.998     0.998      1    


=== Confusion Matrix ===

   a   b   <-- classified as
 500   0 |   a = pd
   2 498 |   b = snp



=== Stratified cross-validation ===

Correctly Classified Instances         758               75.8    %
Incorrectly Classified Instances       242               24.2    %
Kappa statistic                          0.516 
Mean absolute error                      0.3243
Root mean squared error                  0.402 
Relative absolute error                 64.86   %
Root relative squared error             80.4065 %
Total Number of Instances             1000     


=== Detailed Accuracy By Class ===

               TP Rate   FP Rate   Precision   Recall  F-Measure   ROC Area  Class
                 0.804     0.288      0.736     0.804     0.769      0.841    pd
                 0.712     0.196      0.784     0.712     0.746      0.841    snp
Weighted Avg.    0.758     0.242      0.76      0.758     0.757      0.841


=== Confusion Matrix ===

   a   b   <-- classified as
 402  98 |   a = pd
 144 356 |   b = snp

