
=== Classifier model (full training set) ===

RandomForest

Bagging with 100 iterations and base learner

weka.classifiers.trees.RandomTree -K 0 -M 1.0 -V 0.001 -S 1 -do-not-check-capabilities

Time taken to build model: 1.44 seconds

Time taken to test model on training data: 0.14 seconds

=== Error on training data ===

Correctly Classified Instances        1000              100      %
Incorrectly Classified Instances         0                0      %
Kappa statistic                          1     
Mean absolute error                      0.1199
Root mean squared error                  0.1408
Relative absolute error                 23.978  %
Root relative squared error             28.1683 %
Total Number of Instances             1000     


=== Detailed Accuracy By Class ===

                 TP Rate  FP Rate  Precision  Recall   F-Measure  MCC      ROC Area  PRC Area  Class
                 1.000    0.000    1.000      1.000    1.000      1.000    1.000     1.000     pd
                 1.000    0.000    1.000      1.000    1.000      1.000    1.000     1.000     snp
Weighted Avg.    1.000    0.000    1.000      1.000    1.000      1.000    1.000     1.000     


=== Confusion Matrix ===

   a   b   <-- classified as
 500   0 |   a = pd
   0 500 |   b = snp

Time taken to perform cross-validation: 4.37 seconds


=== Stratified cross-validation ===

Correctly Classified Instances         812               81.2    %
Incorrectly Classified Instances       188               18.8    %
Kappa statistic                          0.624 
Mean absolute error                      0.3265
Root mean squared error                  0.377 
Relative absolute error                 65.29   %
Root relative squared error             75.3943 %
Total Number of Instances             1000     


=== Detailed Accuracy By Class ===

                 TP Rate  FP Rate  Precision  Recall   F-Measure  MCC      ROC Area  PRC Area  Class
                 0.804    0.180    0.817      0.804    0.810      0.624    0.890     0.893     pd
                 0.820    0.196    0.807      0.820    0.813      0.624    0.890     0.880     snp
Weighted Avg.    0.812    0.188    0.812      0.812    0.812      0.624    0.890     0.887     


=== Confusion Matrix ===

   a   b   <-- classified as
 402  98 |   a = pd
  90 410 |   b = snp

