
=== Classifier model (full training set) ===

RandomForest

Bagging with 100 iterations and base learner

weka.classifiers.trees.RandomTree -K 0 -M 1.0 -V 0.001 -S 1 -do-not-check-capabilities

Time taken to build model: 1.12 seconds

Time taken to test model on training data: 0.11 seconds

=== Error on training data ===

Correctly Classified Instances        1000              100      %
Incorrectly Classified Instances         0                0      %
Kappa statistic                          1     
Mean absolute error                      0.118 
Root mean squared error                  0.1406
Relative absolute error                 23.602  %
Root relative squared error             28.1214 %
Total Number of Instances             1000     


=== Detailed Accuracy By Class ===

                 TP Rate  FP Rate  Precision  Recall   F-Measure  MCC      ROC Area  PRC Area  Class
                 1.000    0.000    1.000      1.000    1.000      1.000    1.000     1.000     pd
                 1.000    0.000    1.000      1.000    1.000      1.000    1.000     1.000     snp
Weighted Avg.    1.000    0.000    1.000      1.000    1.000      1.000    1.000     1.000     


=== Confusion Matrix ===

   a   b   <-- classified as
 500   0 |   a = pd
   0 500 |   b = snp

Time taken to perform cross-validation: 4.33 seconds


=== Stratified cross-validation ===

Correctly Classified Instances         798               79.8    %
Incorrectly Classified Instances       202               20.2    %
Kappa statistic                          0.596 
Mean absolute error                      0.3264
Root mean squared error                  0.3807
Relative absolute error                 65.282  %
Root relative squared error             76.1343 %
Total Number of Instances             1000     


=== Detailed Accuracy By Class ===

                 TP Rate  FP Rate  Precision  Recall   F-Measure  MCC      ROC Area  PRC Area  Class
                 0.794    0.198    0.800      0.794    0.797      0.596    0.882     0.892     pd
                 0.802    0.206    0.796      0.802    0.799      0.596    0.882     0.860     snp
Weighted Avg.    0.798    0.202    0.798      0.798    0.798      0.596    0.882     0.876     


=== Confusion Matrix ===

   a   b   <-- classified as
 397 103 |   a = pd
  99 401 |   b = snp

