
=== Classifier model (full training set) ===

RandomForest

Bagging with 100 iterations and base learner

weka.classifiers.trees.RandomTree -K 0 -M 1.0 -V 0.001 -S 1 -do-not-check-capabilities

Time taken to build model: 1.25 seconds

Time taken to test model on training data: 0.12 seconds

=== Error on training data ===

Correctly Classified Instances        1000              100      %
Incorrectly Classified Instances         0                0      %
Kappa statistic                          1     
Mean absolute error                      0.1188
Root mean squared error                  0.1394
Relative absolute error                 23.766  %
Root relative squared error             27.8765 %
Total Number of Instances             1000     


=== Detailed Accuracy By Class ===

                 TP Rate  FP Rate  Precision  Recall   F-Measure  MCC      ROC Area  PRC Area  Class
                 1.000    0.000    1.000      1.000    1.000      1.000    1.000     1.000     pd
                 1.000    0.000    1.000      1.000    1.000      1.000    1.000     1.000     snp
Weighted Avg.    1.000    0.000    1.000      1.000    1.000      1.000    1.000     1.000     


=== Confusion Matrix ===

   a   b   <-- classified as
 500   0 |   a = pd
   0 500 |   b = snp

Time taken to perform cross-validation: 4.4 seconds


=== Stratified cross-validation ===

Correctly Classified Instances         818               81.8    %
Incorrectly Classified Instances       182               18.2    %
Kappa statistic                          0.636 
Mean absolute error                      0.3333
Root mean squared error                  0.382 
Relative absolute error                 66.664  %
Root relative squared error             76.3922 %
Total Number of Instances             1000     


=== Detailed Accuracy By Class ===

                 TP Rate  FP Rate  Precision  Recall   F-Measure  MCC      ROC Area  PRC Area  Class
                 0.830    0.194    0.811      0.830    0.820      0.636    0.886     0.886     pd
                 0.806    0.170    0.826      0.806    0.816      0.636    0.886     0.865     snp
Weighted Avg.    0.818    0.182    0.818      0.818    0.818      0.636    0.886     0.875     


=== Confusion Matrix ===

   a   b   <-- classified as
 415  85 |   a = pd
  97 403 |   b = snp

