
=== Classifier model (full training set) ===

RandomForest

Bagging with 100 iterations and base learner

weka.classifiers.trees.RandomTree -K 0 -M 1.0 -V 0.001 -S 1 -do-not-check-capabilities

Time taken to build model: 1.15 seconds

Time taken to test model on training data: 0.12 seconds

=== Error on training data ===

Correctly Classified Instances        1000              100      %
Incorrectly Classified Instances         0                0      %
Kappa statistic                          1     
Mean absolute error                      0.1205
Root mean squared error                  0.1424
Relative absolute error                 24.094  %
Root relative squared error             28.4889 %
Total Number of Instances             1000     


=== Detailed Accuracy By Class ===

                 TP Rate  FP Rate  Precision  Recall   F-Measure  MCC      ROC Area  PRC Area  Class
                 1.000    0.000    1.000      1.000    1.000      1.000    1.000     1.000     pd
                 1.000    0.000    1.000      1.000    1.000      1.000    1.000     1.000     snp
Weighted Avg.    1.000    0.000    1.000      1.000    1.000      1.000    1.000     1.000     


=== Confusion Matrix ===

   a   b   <-- classified as
 500   0 |   a = pd
   0 500 |   b = snp

Time taken to perform cross-validation: 4.1 seconds


=== Stratified cross-validation ===

Correctly Classified Instances         810               81      %
Incorrectly Classified Instances       190               19      %
Kappa statistic                          0.62  
Mean absolute error                      0.3296
Root mean squared error                  0.3806
Relative absolute error                 65.918  %
Root relative squared error             76.1208 %
Total Number of Instances             1000     


=== Detailed Accuracy By Class ===

                 TP Rate  FP Rate  Precision  Recall   F-Measure  MCC      ROC Area  PRC Area  Class
                 0.800    0.180    0.816      0.800    0.808      0.620    0.886     0.892     pd
                 0.820    0.200    0.804      0.820    0.812      0.620    0.886     0.867     snp
Weighted Avg.    0.810    0.190    0.810      0.810    0.810      0.620    0.886     0.879     


=== Confusion Matrix ===

   a   b   <-- classified as
 400 100 |   a = pd
  90 410 |   b = snp

