
Options: -I 20 -K 5 

=== Classifier model (full training set) ===

RandomForest

Bagging with 20 iterations and base learner

weka.classifiers.trees.RandomTree -K 5 -M 1.0 -V 0.001 -S 1 -do-not-check-capabilities

Time taken to build model: 0.45 seconds

Time taken to test model on training data: 0 seconds

=== Error on training data ===

Correctly Classified Instances           8              100      %
Incorrectly Classified Instances         0                0      %
Kappa statistic                          1     
Mean absolute error                      0.1812
Root mean squared error                  0.2257
Relative absolute error                 38.1579 %
Root relative squared error             46.557  %
Total Number of Instances                8     


=== Detailed Accuracy By Class ===

                 TP Rate  FP Rate  Precision  Recall   F-Measure  MCC      ROC Area  PRC Area  Class
                 1.000    0.000    1.000      1.000    1.000      1.000    1.000     1.000     HCM
                 1.000    0.000    1.000      1.000    1.000      1.000    1.000     1.000     DCM
Weighted Avg.    1.000    0.000    1.000      1.000    1.000      1.000    1.000     1.000     


=== Confusion Matrix ===

 a b   <-- classified as
 5 0 | a = HCM
 0 3 | b = DCM

Time taken to perform cross-validation: 0.05 seconds


=== Stratified cross-validation ===

Correctly Classified Instances           6               75      %
Incorrectly Classified Instances         2               25      %
Kappa statistic                          0.4667
Mean absolute error                      0.4063
Root mean squared error                  0.4633
Relative absolute error                 83.5714 %
Root relative squared error             92.9291 %
Total Number of Instances                8     


=== Detailed Accuracy By Class ===

                 TP Rate  FP Rate  Precision  Recall   F-Measure  MCC      ROC Area  PRC Area  Class
                 0.800    0.333    0.800      0.800    0.800      0.467    0.667     0.835     HCM
                 0.667    0.200    0.667      0.667    0.667      0.467    0.667     0.556     DCM
Weighted Avg.    0.750    0.283    0.750      0.750    0.750      0.467    0.667     0.730     


=== Confusion Matrix ===

 a b   <-- classified as
 4 1 | a = HCM
 1 2 | b = DCM

