
Options: -I 20 -K 5 

=== Classifier model (full training set) ===

RandomForest

Bagging with 20 iterations and base learner

weka.classifiers.trees.RandomTree -K 5 -M 1.0 -V 0.001 -S 1 -do-not-check-capabilities

Time taken to build model: 0.27 seconds

Time taken to test model on training data: 0 seconds

=== Error on training data ===

Correctly Classified Instances           7               87.5    %
Incorrectly Classified Instances         1               12.5    %
Kappa statistic                          0.7143
Mean absolute error                      0.2935
Root mean squared error                  0.3582
Relative absolute error                 61.7982 %
Root relative squared error             73.8876 %
Total Number of Instances                8     


=== Detailed Accuracy By Class ===

                 TP Rate  FP Rate  Precision  Recall   F-Measure  MCC      ROC Area  PRC Area  Class
                 1.000    0.333    0.833      1.000    0.909      0.745    0.967     0.967     HCM
                 0.667    0.000    1.000      0.667    0.800      0.745    0.967     0.917     DCM
Weighted Avg.    0.875    0.208    0.896      0.875    0.868      0.745    0.967     0.948     


=== Confusion Matrix ===

 a b   <-- classified as
 5 0 | a = HCM
 1 2 | b = DCM

Time taken to perform cross-validation: 0.05 seconds


=== Stratified cross-validation ===

Correctly Classified Instances           2               25      %
Incorrectly Classified Instances         6               75      %
Kappa statistic                         -0.6   
Mean absolute error                      0.5766
Root mean squared error                  0.6271
Relative absolute error                118.6071 %
Root relative squared error            125.7672 %
Total Number of Instances                8     


=== Detailed Accuracy By Class ===

                 TP Rate  FP Rate  Precision  Recall   F-Measure  MCC      ROC Area  PRC Area  Class
                 0.400    1.000    0.400      0.400    0.400      -0.600   0.267     0.639     HCM
                 0.000    0.600    0.000      0.000    0.000      -0.600   0.267     0.337     DCM
Weighted Avg.    0.250    0.850    0.250      0.250    0.250      -0.600   0.267     0.526     


=== Confusion Matrix ===

 a b   <-- classified as
 2 3 | a = HCM
 3 0 | b = DCM

