
Options: -I 20 -K 5 

=== Classifier model (full training set) ===

RandomForest

Bagging with 20 iterations and base learner

weka.classifiers.trees.RandomTree -K 5 -M 1.0 -V 0.001 -S 1 -do-not-check-capabilities

Time taken to build model: 0.35 seconds

Time taken to test model on training data: 0 seconds

=== Error on training data ===

Correctly Classified Instances           7               87.5    %
Incorrectly Classified Instances         1               12.5    %
Kappa statistic                          0.7143
Mean absolute error                      0.2479
Root mean squared error                  0.3154
Relative absolute error                 52.193  %
Root relative squared error             65.0712 %
Total Number of Instances                8     


=== Detailed Accuracy By Class ===

                 TP Rate  FP Rate  Precision  Recall   F-Measure  MCC      ROC Area  PRC Area  Class
                 1.000    0.333    0.833      1.000    0.909      0.745    0.967     0.967     HCM
                 0.667    0.000    1.000      0.667    0.800      0.745    0.967     0.917     DCM
Weighted Avg.    0.875    0.208    0.896      0.875    0.868      0.745    0.967     0.948     


=== Confusion Matrix ===

 a b   <-- classified as
 5 0 | a = HCM
 1 2 | b = DCM

Time taken to perform cross-validation: 0.06 seconds


=== Stratified cross-validation ===

Correctly Classified Instances           4               50      %
Incorrectly Classified Instances         4               50      %
Kappa statistic                         -0.0667
Mean absolute error                      0.4724
Root mean squared error                  0.5294
Relative absolute error                 97.1786 %
Root relative squared error            106.181  %
Total Number of Instances                8     


=== Detailed Accuracy By Class ===

                 TP Rate  FP Rate  Precision  Recall   F-Measure  MCC      ROC Area  PRC Area  Class
                 0.600    0.667    0.600      0.600    0.600      -0.067   0.400     0.633     HCM
                 0.333    0.400    0.333      0.333    0.333      -0.067   0.400     0.403     DCM
Weighted Avg.    0.500    0.567    0.500      0.500    0.500      -0.067   0.400     0.547     


=== Confusion Matrix ===

 a b   <-- classified as
 3 2 | a = HCM
 2 1 | b = DCM

