
Options: -I 20 -K 5 

=== Classifier model (full training set) ===

RandomForest

Bagging with 20 iterations and base learner

weka.classifiers.trees.RandomTree -K 5 -M 1.0 -V 0.001 -S 1 -do-not-check-capabilities

Time taken to build model: 0.6 seconds

Time taken to test model on training data: 0 seconds

=== Error on training data ===

Correctly Classified Instances           5               62.5    %
Incorrectly Classified Instances         3               37.5    %
Kappa statistic                          0.1429
Mean absolute error                      0.3765
Root mean squared error                  0.426 
Relative absolute error                 79.2544 %
Root relative squared error             87.882  %
Total Number of Instances                8     


=== Detailed Accuracy By Class ===

                 TP Rate  FP Rate  Precision  Recall   F-Measure  MCC      ROC Area  PRC Area  Class
                 0.800    0.667    0.667      0.800    0.727      0.149    0.767     0.853     HCM
                 0.333    0.200    0.500      0.333    0.400      0.149    0.767     0.722     DCM
Weighted Avg.    0.625    0.492    0.604      0.625    0.605      0.149    0.767     0.804     


=== Confusion Matrix ===

 a b   <-- classified as
 4 1 | a = HCM
 2 1 | b = DCM

Time taken to perform cross-validation: 0.05 seconds


=== Stratified cross-validation ===

Correctly Classified Instances           1               12.5    %
Incorrectly Classified Instances         7               87.5    %
Kappa statistic                         -0.75  
Mean absolute error                      0.7299
Root mean squared error                  0.7546
Relative absolute error                150.15   %
Root relative squared error            151.3341 %
Total Number of Instances                8     


=== Detailed Accuracy By Class ===

                 TP Rate  FP Rate  Precision  Recall   F-Measure  MCC      ROC Area  PRC Area  Class
                 0.200    1.000    0.250      0.200    0.222      -0.775   0.000     0.469     HCM
                 0.000    0.800    0.000      0.000    0.000      -0.775   0.000     0.276     DCM
Weighted Avg.    0.125    0.925    0.156      0.125    0.139      -0.775   0.000     0.397     


=== Confusion Matrix ===

 a b   <-- classified as
 1 4 | a = HCM
 3 0 | b = DCM

