
Options: -I 20 -K 5 

=== Classifier model (full training set) ===

RandomForest

Bagging with 20 iterations and base learner

weka.classifiers.trees.RandomTree -K 5 -M 1.0 -V 0.001 -S 1 -do-not-check-capabilities

Time taken to build model: 0.28 seconds

Time taken to test model on training data: 0 seconds

=== Error on training data ===

Correctly Classified Instances           8              100      %
Incorrectly Classified Instances         0                0      %
Kappa statistic                          1     
Mean absolute error                      0.175 
Root mean squared error                  0.2107
Relative absolute error                 36.8421 %
Root relative squared error             43.4545 %
Total Number of Instances                8     


=== Detailed Accuracy By Class ===

                 TP Rate  FP Rate  Precision  Recall   F-Measure  MCC      ROC Area  PRC Area  Class
                 1.000    0.000    1.000      1.000    1.000      1.000    1.000     1.000     HCM
                 1.000    0.000    1.000      1.000    1.000      1.000    1.000     1.000     DCM
Weighted Avg.    1.000    0.000    1.000      1.000    1.000      1.000    1.000     1.000     


=== Confusion Matrix ===

 a b   <-- classified as
 5 0 | a = HCM
 0 3 | b = DCM

Time taken to perform cross-validation: 0.05 seconds


=== Stratified cross-validation ===

Correctly Classified Instances           6               75      %
Incorrectly Classified Instances         2               25      %
Kappa statistic                          0.4667
Mean absolute error                      0.3438
Root mean squared error                  0.4312
Relative absolute error                 70.7143 %
Root relative squared error             86.4832 %
Total Number of Instances                8     


=== Detailed Accuracy By Class ===

                 TP Rate  FP Rate  Precision  Recall   F-Measure  MCC      ROC Area  PRC Area  Class
                 0.800    0.333    0.800      0.800    0.800      0.467    0.767     0.853     HCM
                 0.667    0.200    0.667      0.667    0.667      0.467    0.767     0.722     DCM
Weighted Avg.    0.750    0.283    0.750      0.750    0.750      0.467    0.767     0.804     


=== Confusion Matrix ===

 a b   <-- classified as
 4 1 | a = HCM
 1 2 | b = DCM

